{"numTotalTestSuites":25,"numPassedTestSuites":25,"numFailedTestSuites":0,"numPendingTestSuites":0,"numTotalTests":106,"numPassedTests":106,"numFailedTests":0,"numPendingTests":0,"numTodoTests":0,"snapshot":{"added":0,"failure":false,"filesAdded":0,"filesRemoved":0,"filesRemovedList":[],"filesUnmatched":0,"filesUpdated":0,"matched":0,"total":0,"unchecked":0,"uncheckedKeysByFile":[],"unmatched":0,"updated":0,"didUpdate":false},"startTime":1789949601831,"success":true,"testResults":[{"assertionResults":[{"ancestorTitles":["HoldTimer"],"fullName":"HoldTimer counts down from the server-reported expiry","status":"passed","title":"counts down from the server-reported expiry","duration":25.24172299999998,"failureMessages":[],"meta":{}},{"ancestorTitles":["HoldTimer"],"fullName":"HoldTimer uses the server clock, so a device whose clock is wrong still sees the truth","status":"passed","title":"uses the server clock, so a device whose clock is wrong still sees the truth","duration":2.0351160000000164,"failureMessages":[],"meta":{}},{"ancestorTitles":["HoldTimer"],"fullName":"HoldTimer calls onExpired exactly once when it reaches zero","status":"passed","title":"calls onExpired exactly once when it reaches zero","duration":3.7446780000000217,"failureMessages":[],"meta":{}},{"ancestorTitles":["HoldTimer"],"fullName":"HoldTimer never shows a negative countdown","status":"passed","title":"never shows a negative countdown","duration":2.1726200000000517,"failureMessages":[],"meta":{}},{"ancestorTitles":["HoldTimer"],"fullName":"HoldTimer announces in words, because a screen reader reads 2:05 as a time of day","status":"passed","title":"announces in words, because a screen reader reads 2:05 as a time of day","duration":26.14786700000002,"failureMessages":[],"meta":{}},{"ancestorTitles":["HoldTimer"],"fullName":"HoldTimer does not announce every second, which would make a screen reader unusable","status":"passed","title":"does not announce every second, which would make a screen reader unusable","duration":11.070159999999987,"failureMessages":[],"meta":{}},{"ancestorTitles":["HoldTimer"],"fullName":"HoldTimer speaks every second in the last ten, when a second matters","status":"passed","title":"speaks every second in the last ten, when a second matters","duration":6.576199999999972,"failureMessages":[],"meta":{}},{"ancestorTitles":["HoldTimer"],"fullName":"HoldTimer marks itself urgent in the last thirty seconds","status":"passed","title":"marks itself urgent in the last thirty seconds","duration":4.646490999999969,"failureMessages":[],"meta":{}}],"startTime":1789949602508,"endTime":1789949602590.6465,"status":"passed","message":"","name":"/home/yzhao/willcall/web/src/components/HoldTimer.test.tsx"},{"assertionResults":[{"ancestorTitles":["LiveAnnouncer"],"fullName":"LiveAnnouncer renders both regions from first paint, empty","status":"passed","title":"renders both regions from first paint, empty","duration":21.66471999999999,"failureMessages":[],"meta":{}},{"ancestorTitles":["LiveAnnouncer"],"fullName":"LiveAnnouncer routes a critical announcement to the assertive region only","status":"passed","title":"routes a critical announcement to the assertive region only","duration":3.3721780000000763,"failureMessages":[],"meta":{}},{"ancestorTitles":["LiveAnnouncer"],"fullName":"LiveAnnouncer routes an ambient announcement to the polite region only","status":"passed","title":"routes an ambient announcement to the polite region only","duration":10.252479999999991,"failureMessages":[],"meta":{}},{"ancestorTitles":["LiveAnnouncer"],"fullName":"LiveAnnouncer re-renders for a repeated message, so the second occurrence is not silent","status":"passed","title":"re-renders for a repeated message, so the second occurrence is not silent","duration":3.2974740000000793,"failureMessages":[],"meta":{}},{"ancestorTitles":["LiveAnnouncer"],"fullName":"LiveAnnouncer is visually hidden but present in the accessibility tree","status":"passed","title":"is visually hidden but present in the accessibility tree","duration":1.4403770000000122,"failureMessages":[],"meta":{}}],"startTime":1789949602505,"endTime":1789949602544.4404,"status":"passed","message":"","name":"/home/yzhao/willcall/web/src/components/LiveAnnouncer.test.tsx"},{"assertionResults":[{"ancestorTitles":["SeatListMode"],"fullName":"SeatListMode lists only seats that can be chosen","status":"passed","title":"lists only seats that can be chosen","duration":79.00272199999995,"failureMessages":[],"meta":{}},{"ancestorTitles":["SeatListMode"],"fullName":"SeatListMode can include unavailable seats when asked","status":"passed","title":"can include unavailable seats when asked","duration":35.89801,"failureMessages":[],"meta":{}},{"ancestorTitles":["SeatListMode"],"fullName":"SeatListMode filters by price, which is what a list is better than a grid at","status":"passed","title":"filters by price, which is what a list is better than a grid at","duration":18.52380900000003,"failureMessages":[],"meta":{}},{"ancestorTitles":["SeatListMode"],"fullName":"SeatListMode states each seat in words, including its price and state","status":"passed","title":"states each seat in words, including its price and state","duration":4.091305999999918,"failureMessages":[],"meta":{}},{"ancestorTitles":["SeatListMode"],"fullName":"SeatListMode marks a selected seat as pressed rather than only colouring it","status":"passed","title":"marks a selected seat as pressed rather than only colouring it","duration":6.450863000000027,"failureMessages":[],"meta":{}},{"ancestorTitles":["SeatListMode"],"fullName":"SeatListMode selects a seat on click","status":"passed","title":"selects a seat on click","duration":16.583439999999996,"failureMessages":[],"meta":{}},{"ancestorTitles":["SeatListMode"],"fullName":"SeatListMode does not select an unavailable seat","status":"passed","title":"does not select an unavailable seat","duration":26.606266000000005,"failureMessages":[],"meta":{}},{"ancestorTitles":["SeatListMode"],"fullName":"SeatListMode caps the list and says it has, rather than rendering thousands of entries","status":"passed","title":"caps the list and says it has, rather than rendering thousands of entries","duration":193.5026539999999,"failureMessages":[],"meta":{}}],"startTime":1789949602543,"endTime":1789949602923.5027,"status":"passed","message":"","name":"/home/yzhao/willcall/web/src/components/SeatListMode.test.tsx"},{"assertionResults":[{"ancestorTitles":["SeatMap keyboard navigation"],"fullName":"SeatMap keyboard navigation is a single tab stop, not one per seat","status":"passed","title":"is a single tab stop, not one per seat","duration":67.068851,"failureMessages":[],"meta":{}},{"ancestorTitles":["SeatMap keyboard navigation"],"fullName":"SeatMap keyboard navigation moves right and left within a row and stops at the ends","status":"passed","title":"moves right and left within a row and stops at the ends","duration":41.375515000000064,"failureMessages":[],"meta":{}},{"ancestorTitles":["SeatMap keyboard navigation"],"fullName":"SeatMap keyboard navigation moves between rows keeping the seat position","status":"passed","title":"moves between rows keeping the seat position","duration":31.544532000000004,"failureMessages":[],"meta":{}},{"ancestorTitles":["SeatMap keyboard navigation"],"fullName":"SeatMap keyboard navigation clamps to the shorter row when moving into one","status":"passed","title":"clamps to the shorter row when moving into one","duration":27.022516999999993,"failureMessages":[],"meta":{}},{"ancestorTitles":["SeatMap keyboard navigation"],"fullName":"SeatMap keyboard navigation jumps to the ends of a row with Home and End, and of the map with Ctrl","status":"passed","title":"jumps to the ends of a row with Home and End, and of the map with Ctrl","duration":39.21377400000006,"failureMessages":[],"meta":{}},{"ancestorTitles":["SeatMap keyboard navigation"],"fullName":"SeatMap keyboard navigation moves ten rows at a time with PageDown and PageUp","status":"passed","title":"moves ten rows at a time with PageDown and PageUp","duration":35.423820999999975,"failureMessages":[],"meta":{}},{"ancestorTitles":["SeatMap keyboard navigation"],"fullName":"SeatMap keyboard navigation selects with Enter and with Space","status":"passed","title":"selects with Enter and with Space","duration":20.420268999999962,"failureMessages":[],"meta":{}},{"ancestorTitles":["SeatMap semantics"],"fullName":"SeatMap semantics names every seat with its state in words, not only in colour","status":"passed","title":"names every seat with its state in words, not only in colour","duration":2.1388239999999996,"failureMessages":[],"meta":{}},{"ancestorTitles":["SeatMap semantics"],"fullName":"SeatMap semantics says a seat is selected in its accessible name","status":"passed","title":"says a seat is selected in its accessible name","duration":1.7580749999999625,"failureMessages":[],"meta":{}},{"ancestorTitles":["SeatMap semantics"],"fullName":"SeatMap semantics marks an unavailable seat as disabled rather than merely colouring it","status":"passed","title":"marks an unavailable seat as disabled rather than merely colouring it","duration":1.7820250000000897,"failureMessages":[],"meta":{}},{"ancestorTitles":["SeatMap semantics"],"fullName":"SeatMap semantics does not select an unavailable seat","status":"passed","title":"does not select an unavailable seat","duration":12.619736000000103,"failureMessages":[],"meta":{}},{"ancestorTitles":["SeatMap semantics"],"fullName":"SeatMap semantics carries a glyph as well as a colour for every state","status":"passed","title":"carries a glyph as well as a colour for every state","duration":1.8367030000000568,"failureMessages":[],"meta":{}},{"ancestorTitles":["SeatMap semantics"],"fullName":"SeatMap semantics exposes one grid per section, labelled by that section","status":"passed","title":"exposes one grid per section, labelled by that section","duration":6.558855999999992,"failureMessages":[],"meta":{}}],"startTime":1789949602558,"endTime":1789949602847.5588,"status":"passed","message":"","name":"/home/yzhao/willcall/web/src/components/SeatMap.test.tsx"},{"assertionResults":[{"ancestorTitles":["SystemStatusPanel"],"fullName":"SystemStatusPanel reports Redis as degraded rather than down, because holds stay correct without it","status":"passed","title":"reports Redis as degraded rather than down, because holds stay correct without it","duration":38.67529000000002,"failureMessages":[],"meta":{}},{"ancestorTitles":["SystemStatusPanel"],"fullName":"SystemStatusPanel tells the user the API may be starting instead of showing a blank panel","status":"passed","title":"tells the user the API may be starting instead of showing a blank panel","duration":30.626171,"failureMessages":[],"meta":{}}],"startTime":1789949602538,"endTime":1789949602607.6262,"status":"passed","message":"","name":"/home/yzhao/willcall/web/src/components/SystemStatusPanel.test.tsx"},{"assertionResults":[{"ancestorTitles":["Announcer"],"fullName":"Announcer announces the buyer's own state changes immediately and assertively","status":"passed","title":"announces the buyer's own state changes immediately and assertively","duration":1.2211449999999786,"failureMessages":[],"meta":{}},{"ancestorTitles":["Announcer"],"fullName":"Announcer re-announces an identical critical message, because it happened twice","status":"passed","title":"re-announces an identical critical message, because it happened twice","duration":0.12360899999998765,"failureMessages":[],"meta":{}},{"ancestorTitles":["Announcer"],"fullName":"Announcer never announces other people's seat changes individually","status":"passed","title":"never announces other people's seat changes individually","duration":10.439840999999888,"failureMessages":[],"meta":{}},{"ancestorTitles":["Announcer"],"fullName":"Announcer summarises the room again once the interval has passed","status":"passed","title":"summarises the room again once the interval has passed","duration":0.36552899999992405,"failureMessages":[],"meta":{}},{"ancestorTitles":["Announcer"],"fullName":"Announcer stays silent when the count has not moved","status":"passed","title":"stays silent when the count has not moved","duration":0.23250300000006519,"failureMessages":[],"meta":{}},{"ancestorTitles":["Announcer"],"fullName":"Announcer says \"seat\" rather than \"seats\" when one is left","status":"passed","title":"says \"seat\" rather than \"seats\" when one is left","duration":0.14966899999990346,"failureMessages":[],"meta":{}},{"ancestorTitles":["Announcer"],"fullName":"Announcer stops delivering after unsubscribe, so a closed page does not keep talking","status":"passed","title":"stops delivering after unsubscribe, so a closed page does not keep talking","duration":0.2056199999999535,"failureMessages":[],"meta":{}},{"ancestorTitles":["Announcer"],"fullName":"Announcer does not let an ambient update drown a critical one","status":"passed","title":"does not let an ambient update drown a critical one","duration":0.6220160000000305,"failureMessages":[],"meta":{}}],"startTime":1789949602442,"endTime":1789949602455.622,"status":"passed","message":"","name":"/home/yzhao/willcall/web/src/lib/announcer.test.ts"},{"assertionResults":[{"ancestorTitles":["contrast maths"],"fullName":"contrast maths matches the WCAG reference values at the extremes","status":"passed","title":"matches the WCAG reference values at the extremes","duration":0.9378709999999728,"failureMessages":[],"meta":{}},{"ancestorTitles":["contrast maths"],"fullName":"contrast maths is symmetric","status":"passed","title":"is symmetric","duration":0.09236199999998007,"failureMessages":[],"meta":{}},{"ancestorTitles":["contrast maths"],"fullName":"contrast maths expands three-digit hex","status":"passed","title":"expands three-digit hex","duration":0.4453610000000481,"failureMessages":[],"meta":{}},{"ancestorTitles":["contrast maths"],"fullName":"contrast maths rejects a non-colour instead of silently returning black","status":"passed","title":"rejects a non-colour instead of silently returning black","duration":0.5038139999999203,"failureMessages":[],"meta":{}}],"startTime":1789949602443,"endTime":1789949602444.504,"status":"passed","message":"","name":"/home/yzhao/willcall/web/src/lib/contrast.test.ts"},{"assertionResults":[{"ancestorTitles":["money and time formatting"],"fullName":"money and time formatting formats cents without floating point drift","status":"passed","title":"formats cents without floating point drift","duration":11.601359000000002,"failureMessages":[],"meta":{}},{"ancestorTitles":["money and time formatting"],"fullName":"money and time formatting counts down in minutes and seconds","status":"passed","title":"counts down in minutes and seconds","duration":0.24764299999992545,"failureMessages":[],"meta":{}},{"ancestorTitles":["money and time formatting"],"fullName":"money and time formatting never shows a negative countdown, because an expired hold is 0:00 not -0:03","status":"passed","title":"never shows a negative countdown, because an expired hold is 0:00 not -0:03","duration":0.16360499999996136,"failureMessages":[],"meta":{}},{"ancestorTitles":["money and time formatting"],"fullName":"money and time formatting spells the countdown out for a screen reader, which reads 2:05 as a time of day","status":"passed","title":"spells the countdown out for a screen reader, which reads 2:05 as a time of day","duration":0.1740389999999934,"failureMessages":[],"meta":{}},{"ancestorTitles":["formatter caching"],"fullName":"formatter caching reuses the formatter for the same locale and currency","status":"passed","title":"reuses the formatter for the same locale and currency","duration":4.039887999999905,"failureMessages":[],"meta":{}},{"ancestorTitles":["formatter caching"],"fullName":"formatter caching still distinguishes currencies","status":"passed","title":"still distinguishes currencies","duration":0.3237379999999348,"failureMessages":[],"meta":{}}],"startTime":1789949602442,"endTime":1789949602458.3237,"status":"passed","message":"","name":"/home/yzhao/willcall/web/src/lib/money.test.ts"},{"assertionResults":[{"ancestorTitles":["SeatMapStore"],"fullName":"SeatMapStore indexes every seat and keeps rows addressable","status":"passed","title":"indexes every seat and keeps rows addressable","duration":1.5414759999999887,"failureMessages":[],"meta":{}},{"ancestorTitles":["SeatMapStore"],"fullName":"SeatMapStore applies a change, bumps only that row, and leaves other rows untouched","status":"passed","title":"applies a change, bumps only that row, and leaves other rows untouched","duration":0.6075720000000047,"failureMessages":[],"meta":{}},{"ancestorTitles":["SeatMapStore"],"fullName":"SeatMapStore keeps row array identity stable, which is what makes memoisation work","status":"passed","title":"keeps row array identity stable, which is what makes memoisation work","duration":0.0946880000000192,"failureMessages":[],"meta":{}},{"ancestorTitles":["SeatMapStore"],"fullName":"SeatMapStore ignores a delta whose version is not newer, so a duplicate cannot move a seat backwards","status":"passed","title":"ignores a delta whose version is not newer, so a duplicate cannot move a seat backwards","duration":0.10940800000003037,"failureMessages":[],"meta":{}},{"ancestorTitles":["SeatMapStore"],"fullName":"SeatMapStore ignores the same version arriving twice","status":"passed","title":"ignores the same version arriving twice","duration":0.14243099999998776,"failureMessages":[],"meta":{}},{"ancestorTitles":["SeatMapStore"],"fullName":"SeatMapStore ignores a change for a seat it has never heard of","status":"passed","title":"ignores a change for a seat it has never heard of","duration":0.4404939999999442,"failureMessages":[],"meta":{}},{"ancestorTitles":["SeatMapStore"],"fullName":"SeatMapStore recounts from the seats when the server sent no counts","status":"passed","title":"recounts from the seats when the server sent no counts","duration":0.10485000000005584,"failureMessages":[],"meta":{}},{"ancestorTitles":["SeatMapStore"],"fullName":"SeatMapStore applies five hundred changes to a five-thousand-seat map quickly","status":"passed","title":"applies five hundred changes to a five-thousand-seat map quickly","duration":2.3586729999999534,"failureMessages":[],"meta":{}},{"ancestorTitles":["SeatMapStore"],"fullName":"SeatMapStore lists every seat in map order for the text-only mode","status":"passed","title":"lists every seat in map order for the text-only mode","duration":0.2485510000000204,"failureMessages":[],"meta":{}}],"startTime":1789949602452,"endTime":1789949602457.3586,"status":"passed","message":"","name":"/home/yzhao/willcall/web/src/lib/seatMapStore.test.ts"},{"assertionResults":[{"ancestorTitles":["SeatStream"],"fullName":"SeatStream applies deltas that arrive in order","status":"passed","title":"applies deltas that arrive in order","duration":6.064789000000019,"failureMessages":[],"meta":{}},{"ancestorTitles":["SeatStream"],"fullName":"SeatStream accepts a coalesced frame spanning several sequence numbers without calling it a gap","status":"passed","title":"accepts a coalesced frame spanning several sequence numbers without calling it a gap","duration":1.3175210000000561,"failureMessages":[],"meta":{}},{"ancestorTitles":["SeatStream"],"fullName":"SeatStream still detects a gap before a coalesced frame","status":"passed","title":"still detects a gap before a coalesced frame","duration":0.8272530000000415,"failureMessages":[],"meta":{}},{"ancestorTitles":["SeatStream"],"fullName":"SeatStream detects a gap and asks for a resync instead of rendering a wrong map","status":"passed","title":"detects a gap and asks for a resync instead of rendering a wrong map","duration":0.7315830000000005,"failureMessages":[],"meta":{}},{"ancestorTitles":["SeatStream"],"fullName":"SeatStream drops a duplicate delta rather than applying it twice","status":"passed","title":"drops a duplicate delta rather than applying it twice","duration":0.581440999999927,"failureMessages":[],"meta":{}},{"ancestorTitles":["SeatStream"],"fullName":"SeatStream treats a delta arriving before any snapshot as a gap","status":"passed","title":"treats a delta arriving before any snapshot as a gap","duration":0.4144049999999879,"failureMessages":[],"meta":{}},{"ancestorTitles":["SeatStream"],"fullName":"SeatStream reconnects without a cursor after a resync, so the server sends a fresh snapshot","status":"passed","title":"reconnects without a cursor after a resync, so the server sends a fresh snapshot","duration":0.9700430000000324,"failureMessages":[],"meta":{}},{"ancestorTitles":["SeatStream"],"fullName":"SeatStream resumes from its cursor after a transient error","status":"passed","title":"resumes from its cursor after a transient error","duration":0.9247950000000174,"failureMessages":[],"meta":{}},{"ancestorTitles":["SeatStream"],"fullName":"SeatStream backs off with jitter rather than hammering the server","status":"passed","title":"backs off with jitter rather than hammering the server","duration":0.5630160000000615,"failureMessages":[],"meta":{}},{"ancestorTitles":["SeatStream"],"fullName":"SeatStream gives up on a silent connection after the liveness timeout","status":"passed","title":"gives up on a silent connection after the liveness timeout","duration":0.9285340000000133,"failureMessages":[],"meta":{}},{"ancestorTitles":["SeatStream"],"fullName":"SeatStream stops cleanly and does not reconnect afterwards","status":"passed","title":"stops cleanly and does not reconnect afterwards","duration":0.4261900000000196,"failureMessages":[],"meta":{}}],"startTime":1789949602452,"endTime":1789949602466.4263,"status":"passed","message":"","name":"/home/yzhao/willcall/web/src/lib/seatStream.test.ts"},{"assertionResults":[{"ancestorTitles":["light theme colour tokens"],"fullName":"light theme colour tokens body text reaches 4.5:1","status":"passed","title":"body text reaches 4.5:1","duration":1.0033280000000104,"failureMessages":[],"meta":{}},{"ancestorTitles":["light theme colour tokens"],"fullName":"light theme colour tokens muted text reaches 4.5:1","status":"passed","title":"muted text reaches 4.5:1","duration":0.20978600000000824,"failureMessages":[],"meta":{}},{"ancestorTitles":["light theme colour tokens"],"fullName":"light theme colour tokens muted text on raised reaches 4.5:1","status":"passed","title":"muted text on raised reaches 4.5:1","duration":0.1591799999999921,"failureMessages":[],"meta":{}},{"ancestorTitles":["light theme colour tokens"],"fullName":"light theme colour tokens accent button reaches 4.5:1","status":"passed","title":"accent button reaches 4.5:1","duration":0.1120810000001029,"failureMessages":[],"meta":{}},{"ancestorTitles":["light theme colour tokens"],"fullName":"light theme colour tokens available seat reaches 4.5:1","status":"passed","title":"available seat reaches 4.5:1","duration":0.10416399999996884,"failureMessages":[],"meta":{}},{"ancestorTitles":["light theme colour tokens"],"fullName":"light theme colour tokens selected seat reaches 4.5:1","status":"passed","title":"selected seat reaches 4.5:1","duration":0.10163399999999001,"failureMessages":[],"meta":{}},{"ancestorTitles":["light theme colour tokens"],"fullName":"light theme colour tokens held seat reaches 4.5:1","status":"passed","title":"held seat reaches 4.5:1","duration":0.09993999999994685,"failureMessages":[],"meta":{}},{"ancestorTitles":["light theme colour tokens"],"fullName":"light theme colour tokens sold seat reaches 4.5:1","status":"passed","title":"sold seat reaches 4.5:1","duration":0.1285410000000411,"failureMessages":[],"meta":{}},{"ancestorTitles":["light theme colour tokens"],"fullName":"light theme colour tokens blocked seat reaches 4.5:1","status":"passed","title":"blocked seat reaches 4.5:1","duration":0.17822799999999006,"failureMessages":[],"meta":{}},{"ancestorTitles":["light theme colour tokens"],"fullName":"light theme colour tokens danger message reaches 4.5:1","status":"passed","title":"danger message reaches 4.5:1","duration":0.1635469999999941,"failureMessages":[],"meta":{}},{"ancestorTitles":["light theme colour tokens"],"fullName":"light theme colour tokens success message reaches 4.5:1","status":"passed","title":"success message reaches 4.5:1","duration":0.14762100000007194,"failureMessages":[],"meta":{}},{"ancestorTitles":["light theme colour tokens"],"fullName":"light theme colour tokens available seat border reaches the 3:1 non-text minimum","status":"passed","title":"available seat border reaches the 3:1 non-text minimum","duration":0.19794799999999668,"failureMessages":[],"meta":{}},{"ancestorTitles":["light theme colour tokens"],"fullName":"light theme colour tokens held seat border reaches the 3:1 non-text minimum","status":"passed","title":"held seat border reaches the 3:1 non-text minimum","duration":0.11031100000002425,"failureMessages":[],"meta":{}},{"ancestorTitles":["light theme colour tokens"],"fullName":"light theme colour tokens sold seat border reaches the 3:1 non-text minimum","status":"passed","title":"sold seat border reaches the 3:1 non-text minimum","duration":0.10061000000007425,"failureMessages":[],"meta":{}},{"ancestorTitles":["light theme colour tokens"],"fullName":"light theme colour tokens focus ring on page reaches the 3:1 non-text minimum","status":"passed","title":"focus ring on page reaches the 3:1 non-text minimum","duration":0.14985599999999977,"failureMessages":[],"meta":{}},{"ancestorTitles":["light theme colour tokens"],"fullName":"light theme colour tokens focus ring on raised reaches the 3:1 non-text minimum","status":"passed","title":"focus ring on raised reaches the 3:1 non-text minimum","duration":0.11047200000007251,"failureMessages":[],"meta":{}},{"ancestorTitles":["dark theme colour tokens"],"fullName":"dark theme colour tokens body text reaches 4.5:1","status":"passed","title":"body text reaches 4.5:1","duration":0.20040199999994002,"failureMessages":[],"meta":{}},{"ancestorTitles":["dark theme colour tokens"],"fullName":"dark theme colour tokens muted text reaches 4.5:1","status":"passed","title":"muted text reaches 4.5:1","duration":0.11031900000000405,"failureMessages":[],"meta":{}},{"ancestorTitles":["dark theme colour tokens"],"fullName":"dark theme colour tokens muted text on raised reaches 4.5:1","status":"passed","title":"muted text on raised reaches 4.5:1","duration":0.10124699999994391,"failureMessages":[],"meta":{}},{"ancestorTitles":["dark theme colour tokens"],"fullName":"dark theme colour tokens accent button reaches 4.5:1","status":"passed","title":"accent button reaches 4.5:1","duration":0.09769700000003922,"failureMessages":[],"meta":{}},{"ancestorTitles":["dark theme colour tokens"],"fullName":"dark theme colour tokens available seat reaches 4.5:1","status":"passed","title":"available seat reaches 4.5:1","duration":0.0973989999999958,"failureMessages":[],"meta":{}},{"ancestorTitles":["dark theme colour tokens"],"fullName":"dark theme colour tokens selected seat reaches 4.5:1","status":"passed","title":"selected seat reaches 4.5:1","duration":0.20307200000002013,"failureMessages":[],"meta":{}},{"ancestorTitles":["dark theme colour tokens"],"fullName":"dark theme colour tokens held seat reaches 4.5:1","status":"passed","title":"held seat reaches 4.5:1","duration":0.12788299999999708,"failureMessages":[],"meta":{}},{"ancestorTitles":["dark theme colour tokens"],"fullName":"dark theme colour tokens sold seat reaches 4.5:1","status":"passed","title":"sold seat reaches 4.5:1","duration":0.11473100000000613,"failureMessages":[],"meta":{}},{"ancestorTitles":["dark theme colour tokens"],"fullName":"dark theme colour tokens blocked seat reaches 4.5:1","status":"passed","title":"blocked seat reaches 4.5:1","duration":0.10569799999996121,"failureMessages":[],"meta":{}},{"ancestorTitles":["dark theme colour tokens"],"fullName":"dark theme colour tokens danger message reaches 4.5:1","status":"passed","title":"danger message reaches 4.5:1","duration":0.10338500000000295,"failureMessages":[],"meta":{}},{"ancestorTitles":["dark theme colour tokens"],"fullName":"dark theme colour tokens success message reaches 4.5:1","status":"passed","title":"success message reaches 4.5:1","duration":0.12855899999999565,"failureMessages":[],"meta":{}},{"ancestorTitles":["dark theme colour tokens"],"fullName":"dark theme colour tokens available seat border reaches the 3:1 non-text minimum","status":"passed","title":"available seat border reaches the 3:1 non-text minimum","duration":0.13963400000000092,"failureMessages":[],"meta":{}},{"ancestorTitles":["dark theme colour tokens"],"fullName":"dark theme colour tokens held seat border reaches the 3:1 non-text minimum","status":"passed","title":"held seat border reaches the 3:1 non-text minimum","duration":0.10562900000002173,"failureMessages":[],"meta":{}},{"ancestorTitles":["dark theme colour tokens"],"fullName":"dark theme colour tokens sold seat border reaches the 3:1 non-text minimum","status":"passed","title":"sold seat border reaches the 3:1 non-text minimum","duration":0.09949500000004718,"failureMessages":[],"meta":{}},{"ancestorTitles":["dark theme colour tokens"],"fullName":"dark theme colour tokens focus ring on page reaches the 3:1 non-text minimum","status":"passed","title":"focus ring on page reaches the 3:1 non-text minimum","duration":0.1932360000000699,"failureMessages":[],"meta":{}},{"ancestorTitles":["dark theme colour tokens"],"fullName":"dark theme colour tokens focus ring on raised reaches the 3:1 non-text minimum","status":"passed","title":"focus ring on raised reaches the 3:1 non-text minimum","duration":0.1097420000000966,"failureMessages":[],"meta":{}}],"startTime":1789949602446,"endTime":1789949602452.193,"status":"passed","message":"","name":"/home/yzhao/willcall/web/src/styles/tokens.test.ts"}],"coverageMap":{"/home/yzhao/willcall/web/src/components/HoldTimer.tsx":{"path":"/home/yzhao/willcall/web/src/components/HoldTimer.tsx","all":false,"statementMap":{"0":{"start":{"line":1,"column":0},"end":{"line":1,"column":60}},"1":{"start":{"line":2,"column":0},"end":{"line":2,"column":63}},"31":{"start":{"line":32,"column":0},"end":{"line":32,"column":81}},"32":{"start":{"line":33,"column":0},"end":{"line":33,"column":32}},"33":{"start":{"line":34,"column":0},"end":{"line":34,"column":54}},"34":{"start":{"line":35,"column":0},"end":{"line":35,"column":17}},"35":{"start":{"line":36,"column":0},"end":{"line":36,"column":3}},"37":{"start":{"line":38,"column":0},"end":{"line":38,"column":79}},"38":{"start":{"line":39,"column":0},"end":{"line":39,"column":50}},"39":{"start":{"line":40,"column":0},"end":{"line":40,"column":81}},"40":{"start":{"line":41,"column":0},"end":{"line":41,"column":3}},"41":{"start":{"line":42,"column":0},"end":{"line":42,"column":49}},"42":{"start":{"line":43,"column":0},"end":{"line":43,"column":35}},"44":{"start":{"line":45,"column":0},"end":{"line":45,"column":19}},"45":{"start":{"line":46,"column":0},"end":{"line":46,"column":24}},"46":{"start":{"line":47,"column":0},"end":{"line":47,"column":98}},"47":{"start":{"line":48,"column":0},"end":{"line":48,"column":27}},"48":{"start":{"line":49,"column":0},"end":{"line":49,"column":50}},"49":{"start":{"line":50,"column":0},"end":{"line":50,"column":34}},"50":{"start":{"line":51,"column":0},"end":{"line":51,"column":19}},"51":{"start":{"line":52,"column":0},"end":{"line":52,"column":7}},"52":{"start":{"line":53,"column":0},"end":{"line":53,"column":5}},"53":{"start":{"line":54,"column":0},"end":{"line":54,"column":10}},"54":{"start":{"line":55,"column":0},"end":{"line":55,"column":45}},"55":{"start":{"line":56,"column":0},"end":{"line":56,"column":40}},"56":{"start":{"line":57,"column":0},"end":{"line":57,"column":45}},"58":{"start":{"line":59,"column":0},"end":{"line":59,"column":56}},"59":{"start":{"line":60,"column":0},"end":{"line":60,"column":34}},"60":{"start":{"line":61,"column":0},"end":{"line":61,"column":48}},"61":{"start":{"line":62,"column":0},"end":{"line":62,"column":29}},"62":{"start":{"line":63,"column":0},"end":{"line":63,"column":3}},"64":{"start":{"line":65,"column":0},"end":{"line":65,"column":22}},"65":{"start":{"line":66,"column":0},"end":{"line":66,"column":66}},"66":{"start":{"line":67,"column":0},"end":{"line":67,"column":70}},"67":{"start":{"line":68,"column":0},"end":{"line":68,"column":12}},"68":{"start":{"line":69,"column":0},"end":{"line":69,"column":51}},"70":{"start":{"line":71,"column":0},"end":{"line":71,"column":32}},"72":{"start":{"line":73,"column":0},"end":{"line":73,"column":10}},"73":{"start":{"line":74,"column":0},"end":{"line":74,"column":76}},"74":{"start":{"line":75,"column":0},"end":{"line":75,"column":66}},"76":{"start":{"line":77,"column":0},"end":{"line":77,"column":13}},"78":{"start":{"line":79,"column":0},"end":{"line":79,"column":92}},"79":{"start":{"line":80,"column":0},"end":{"line":80,"column":36}},"80":{"start":{"line":81,"column":0},"end":{"line":81,"column":13}},"81":{"start":{"line":82,"column":0},"end":{"line":82,"column":95}},"82":{"start":{"line":83,"column":0},"end":{"line":83,"column":28}},"83":{"start":{"line":84,"column":0},"end":{"line":84,"column":13}},"84":{"start":{"line":85,"column":0},"end":{"line":85,"column":10}},"86":{"start":{"line":87,"column":0},"end":{"line":87,"column":1}}},"s":{"0":1,"1":1,"31":1,"32":17,"33":17,"34":17,"35":17,"37":17,"38":17,"39":8,"40":17,"41":17,"42":17,"44":17,"45":8,"46":170,"47":170,"48":170,"49":2,"50":2,"51":2,"52":170,"53":8,"54":8,"55":8,"56":17,"58":17,"59":17,"60":17,"61":4,"62":17,"64":17,"65":17,"66":12,"67":5,"68":17,"70":17,"72":17,"73":17,"74":17,"76":17,"78":17,"79":17,"80":17,"81":17,"82":17,"83":17,"84":17,"86":17},"branchMap":{"0":{"type":"branch","line":32,"loc":{"start":{"line":32,"column":7},"end":{"line":87,"column":1}},"locations":[{"start":{"line":32,"column":7},"end":{"line":87,"column":1}}]},"1":{"type":"branch","line":66,"loc":{"start":{"line":66,"column":28},"end":{"line":66,"column":66}},"locations":[{"start":{"line":66,"column":28},"end":{"line":66,"column":66}}]},"2":{"type":"branch","line":66,"loc":{"start":{"line":66,"column":57},"end":{"line":67,"column":70}},"locations":[{"start":{"line":66,"column":57},"end":{"line":67,"column":70}}]},"3":{"type":"branch","line":67,"loc":{"start":{"line":67,"column":37},"end":{"line":68,"column":12}},"locations":[{"start":{"line":67,"column":37},"end":{"line":68,"column":12}}]},"4":{"type":"branch","line":69,"loc":{"start":{"line":69,"column":20},"end":{"line":69,"column":51}},"locations":[{"start":{"line":69,"column":20},"end":{"line":69,"column":51}}]},"5":{"type":"branch","line":74,"loc":{"start":{"line":74,"column":35},"end":{"line":74,"column":70}},"locations":[{"start":{"line":74,"column":35},"end":{"line":74,"column":70}}]},"6":{"type":"branch","line":74,"loc":{"start":{"line":74,"column":44},"end":{"line":74,"column":72}},"locations":[{"start":{"line":74,"column":44},"end":{"line":74,"column":72}}]},"7":{"type":"branch","line":83,"loc":{"start":{"line":83,"column":9},"end":{"line":83,"column":28}},"locations":[{"start":{"line":83,"column":9},"end":{"line":83,"column":28}}]},"8":{"type":"branch","line":34,"loc":{"start":{"line":34,"column":4},"end":{"line":34,"column":54}},"locations":[{"start":{"line":34,"column":4},"end":{"line":34,"column":54}}]},"9":{"type":"branch","line":38,"loc":{"start":{"line":38,"column":30},"end":{"line":38,"column":67}},"locations":[{"start":{"line":38,"column":30},"end":{"line":38,"column":67}}]},"10":{"type":"branch","line":39,"loc":{"start":{"line":39,"column":45},"end":{"line":40,"column":81}},"locations":[{"start":{"line":39,"column":45},"end":{"line":40,"column":81}}]},"11":{"type":"branch","line":45,"loc":{"start":{"line":45,"column":12},"end":{"line":57,"column":5}},"locations":[{"start":{"line":45,"column":12},"end":{"line":57,"column":5}}]},"12":{"type":"branch","line":46,"loc":{"start":{"line":46,"column":17},"end":{"line":53,"column":5}},"locations":[{"start":{"line":46,"column":17},"end":{"line":53,"column":5}}]},"13":{"type":"branch","line":49,"loc":{"start":{"line":49,"column":22},"end":{"line":49,"column":49}},"locations":[{"start":{"line":49,"column":22},"end":{"line":49,"column":49}}]},"14":{"type":"branch","line":49,"loc":{"start":{"line":49,"column":49},"end":{"line":52,"column":7}},"locations":[{"start":{"line":49,"column":49},"end":{"line":52,"column":7}}]},"15":{"type":"branch","line":56,"loc":{"start":{"line":56,"column":11},"end":{"line":56,"column":40}},"locations":[{"start":{"line":56,"column":11},"end":{"line":56,"column":40}}]},"16":{"type":"branch","line":59,"loc":{"start":{"line":59,"column":25},"end":{"line":63,"column":3}},"locations":[{"start":{"line":59,"column":25},"end":{"line":63,"column":3}}]},"17":{"type":"branch","line":60,"loc":{"start":{"line":60,"column":23},"end":{"line":60,"column":34}},"locations":[{"start":{"line":60,"column":23},"end":{"line":60,"column":34}}]},"18":{"type":"branch","line":60,"loc":{"start":{"line":60,"column":30},"end":{"line":61,"column":30}},"locations":[{"start":{"line":60,"column":30},"end":{"line":61,"column":30}}]},"19":{"type":"branch","line":61,"loc":{"start":{"line":61,"column":23},"end":{"line":61,"column":48}},"locations":[{"start":{"line":61,"column":23},"end":{"line":61,"column":48}}]},"20":{"type":"branch","line":61,"loc":{"start":{"line":61,"column":47},"end":{"line":62,"column":29}},"locations":[{"start":{"line":61,"column":47},"end":{"line":62,"column":29}}]}},"b":{"0":[17],"1":[13],"2":[12],"3":[5],"4":[12],"5":[9],"6":[8],"7":[5],"8":[8],"9":[8],"10":[8],"11":[8],"12":[170],"13":[43],"14":[2],"15":[8],"16":[17],"17":[8],"18":[9],"19":[5],"20":[4]},"fnMap":{"0":{"name":"HoldTimer","decl":{"start":{"line":32,"column":7},"end":{"line":87,"column":1}},"loc":{"start":{"line":32,"column":7},"end":{"line":87,"column":1}},"line":32},"1":{"name":"tick","decl":{"start":{"line":46,"column":17},"end":{"line":53,"column":5}},"loc":{"start":{"line":46,"column":17},"end":{"line":53,"column":5}},"line":46},"2":{"name":"shouldAnnounce","decl":{"start":{"line":59,"column":25},"end":{"line":63,"column":3}},"loc":{"start":{"line":59,"column":25},"end":{"line":63,"column":3}},"line":59}},"f":{"0":17,"1":170,"2":17}},"/home/yzhao/willcall/web/src/components/LiveAnnouncer.tsx":{"path":"/home/yzhao/willcall/web/src/components/LiveAnnouncer.tsx","all":false,"statementMap":{"0":{"start":{"line":1,"column":0},"end":{"line":1,"column":43}},"25":{"start":{"line":26,"column":0},"end":{"line":26,"column":72}},"26":{"start":{"line":27,"column":0},"end":{"line":27,"column":71}},"27":{"start":{"line":28,"column":0},"end":{"line":28,"column":65}},"29":{"start":{"line":30,"column":0},"end":{"line":30,"column":19}},"30":{"start":{"line":31,"column":0},"end":{"line":31,"column":50}},"31":{"start":{"line":32,"column":0},"end":{"line":32,"column":77}},"32":{"start":{"line":33,"column":0},"end":{"line":33,"column":34}},"33":{"start":{"line":34,"column":0},"end":{"line":34,"column":6}},"34":{"start":{"line":35,"column":0},"end":{"line":35,"column":17}},"36":{"start":{"line":37,"column":0},"end":{"line":37,"column":10}},"37":{"start":{"line":38,"column":0},"end":{"line":38,"column":6}},"38":{"start":{"line":39,"column":0},"end":{"line":39,"column":10}},"39":{"start":{"line":40,"column":0},"end":{"line":40,"column":38}},"40":{"start":{"line":41,"column":0},"end":{"line":41,"column":20}},"41":{"start":{"line":42,"column":0},"end":{"line":42,"column":29}},"42":{"start":{"line":43,"column":0},"end":{"line":43,"column":26}},"43":{"start":{"line":44,"column":0},"end":{"line":44,"column":41}},"45":{"start":{"line":46,"column":0},"end":{"line":46,"column":80}},"46":{"start":{"line":47,"column":0},"end":{"line":47,"column":12}},"47":{"start":{"line":48,"column":0},"end":{"line":48,"column":10}},"48":{"start":{"line":49,"column":0},"end":{"line":49,"column":38}},"49":{"start":{"line":50,"column":0},"end":{"line":50,"column":21}},"50":{"start":{"line":51,"column":0},"end":{"line":51,"column":26}},"51":{"start":{"line":52,"column":0},"end":{"line":52,"column":26}},"52":{"start":{"line":53,"column":0},"end":{"line":53,"column":38}},"54":{"start":{"line":55,"column":0},"end":{"line":55,"column":71}},"55":{"start":{"line":56,"column":0},"end":{"line":56,"column":12}},"56":{"start":{"line":57,"column":0},"end":{"line":57,"column":7}},"58":{"start":{"line":59,"column":0},"end":{"line":59,"column":1}}},"s":{"0":1,"25":1,"26":9,"27":9,"29":9,"30":5,"31":4,"32":1,"33":5,"34":9,"36":9,"37":9,"38":9,"39":9,"40":9,"41":9,"42":9,"43":9,"45":9,"46":9,"47":9,"48":9,"49":9,"50":9,"51":9,"52":9,"54":9,"55":9,"56":9,"58":9},"branchMap":{"0":{"type":"branch","line":26,"loc":{"start":{"line":26,"column":7},"end":{"line":59,"column":1}},"locations":[{"start":{"line":26,"column":7},"end":{"line":59,"column":1}}]},"1":{"type":"branch","line":46,"loc":{"start":{"line":46,"column":9},"end":{"line":46,"column":80}},"locations":[{"start":{"line":46,"column":9},"end":{"line":46,"column":80}}]},"2":{"type":"branch","line":55,"loc":{"start":{"line":55,"column":9},"end":{"line":55,"column":71}},"locations":[{"start":{"line":55,"column":9},"end":{"line":55,"column":71}}]},"3":{"type":"branch","line":30,"loc":{"start":{"line":30,"column":12},"end":{"line":35,"column":5}},"locations":[{"start":{"line":30,"column":12},"end":{"line":35,"column":5}}]},"4":{"type":"branch","line":31,"loc":{"start":{"line":31,"column":31},"end":{"line":34,"column":5}},"locations":[{"start":{"line":31,"column":31},"end":{"line":34,"column":5}}]},"5":{"type":"branch","line":32,"loc":{"start":{"line":32,"column":51},"end":{"line":32,"column":77}},"locations":[{"start":{"line":32,"column":51},"end":{"line":32,"column":77}}]},"6":{"type":"branch","line":32,"loc":{"start":{"line":32,"column":76},"end":{"line":33,"column":34}},"locations":[{"start":{"line":32,"column":76},"end":{"line":33,"column":34}}]}},"b":{"0":[9],"1":[3],"2":[1],"3":[5],"4":[4],"5":[3],"6":[1]},"fnMap":{"0":{"name":"LiveAnnouncer","decl":{"start":{"line":26,"column":7},"end":{"line":59,"column":1}},"loc":{"start":{"line":26,"column":7},"end":{"line":59,"column":1}},"line":26}},"f":{"0":9}},"/home/yzhao/willcall/web/src/components/SeatButton.tsx":{"path":"/home/yzhao/willcall/web/src/components/SeatButton.tsx","all":false,"statementMap":{"0":{"start":{"line":1,"column":0},"end":{"line":1,"column":28}},"1":{"start":{"line":2,"column":0},"end":{"line":2,"column":42}},"25":{"start":{"line":26,"column":0},"end":{"line":26,"column":43}},"26":{"start":{"line":27,"column":0},"end":{"line":27,"column":34}},"27":{"start":{"line":28,"column":0},"end":{"line":28,"column":34}},"28":{"start":{"line":29,"column":0},"end":{"line":29,"column":29}},"29":{"start":{"line":30,"column":0},"end":{"line":30,"column":24}},"30":{"start":{"line":31,"column":0},"end":{"line":31,"column":1}},"32":{"start":{"line":33,"column":0},"end":{"line":33,"column":48}},"33":{"start":{"line":34,"column":0},"end":{"line":34,"column":25}},"34":{"start":{"line":35,"column":0},"end":{"line":35,"column":18}},"35":{"start":{"line":36,"column":0},"end":{"line":36,"column":15}},"36":{"start":{"line":37,"column":0},"end":{"line":37,"column":26}},"37":{"start":{"line":38,"column":0},"end":{"line":38,"column":1}},"39":{"start":{"line":40,"column":0},"end":{"line":40,"column":107}},"40":{"start":{"line":41,"column":0},"end":{"line":41,"column":43}},"43":{"start":{"line":44,"column":0},"end":{"line":44,"column":35}},"44":{"start":{"line":45,"column":0},"end":{"line":45,"column":103}},"45":{"start":{"line":46,"column":0},"end":{"line":46,"column":44}},"47":{"start":{"line":48,"column":0},"end":{"line":48,"column":10}},"48":{"start":{"line":49,"column":0},"end":{"line":49,"column":11}},"49":{"start":{"line":50,"column":0},"end":{"line":50,"column":19}},"50":{"start":{"line":51,"column":0},"end":{"line":51,"column":21}},"51":{"start":{"line":52,"column":0},"end":{"line":52,"column":23}},"52":{"start":{"line":53,"column":0},"end":{"line":53,"column":99}},"53":{"start":{"line":54,"column":0},"end":{"line":54,"column":23}},"54":{"start":{"line":55,"column":0},"end":{"line":55,"column":26}},"55":{"start":{"line":56,"column":0},"end":{"line":56,"column":33}},"60":{"start":{"line":61,"column":0},"end":{"line":61,"column":55}},"61":{"start":{"line":62,"column":0},"end":{"line":62,"column":51}},"62":{"start":{"line":63,"column":0},"end":{"line":63,"column":25}},"63":{"start":{"line":64,"column":0},"end":{"line":64,"column":22}},"64":{"start":{"line":65,"column":0},"end":{"line":65,"column":36}},"65":{"start":{"line":66,"column":0},"end":{"line":66,"column":8}},"73":{"start":{"line":74,"column":0},"end":{"line":74,"column":21}},"74":{"start":{"line":75,"column":0},"end":{"line":75,"column":13}},"76":{"start":{"line":77,"column":0},"end":{"line":77,"column":1}},"78":{"start":{"line":79,"column":0},"end":{"line":79,"column":46}}},"s":{"0":1,"1":1,"25":1,"26":1,"27":1,"28":1,"29":1,"30":1,"32":1,"33":1,"34":1,"35":1,"36":1,"37":1,"39":193,"40":193,"43":193,"44":189,"45":4,"47":193,"48":193,"49":193,"50":193,"51":193,"52":193,"53":193,"54":193,"55":193,"60":193,"61":193,"62":193,"63":193,"64":3,"65":3,"73":193,"74":193,"76":193,"78":1},"branchMap":{"0":{"type":"branch","line":40,"loc":{"start":{"line":40,"column":0},"end":{"line":77,"column":1}},"locations":[{"start":{"line":40,"column":0},"end":{"line":77,"column":1}}]},"1":{"type":"branch","line":44,"loc":{"start":{"line":44,"column":25},"end":{"line":45,"column":103}},"locations":[{"start":{"line":44,"column":25},"end":{"line":45,"column":103}}]},"2":{"type":"branch","line":45,"loc":{"start":{"line":45,"column":73},"end":{"line":45,"column":99}},"locations":[{"start":{"line":45,"column":73},"end":{"line":45,"column":99}}]},"3":{"type":"branch","line":45,"loc":{"start":{"line":45,"column":84},"end":{"line":45,"column":101}},"locations":[{"start":{"line":45,"column":84},"end":{"line":45,"column":101}}]},"4":{"type":"branch","line":45,"loc":{"start":{"line":45,"column":101},"end":{"line":46,"column":44}},"locations":[{"start":{"line":45,"column":101},"end":{"line":46,"column":44}}]},"5":{"type":"branch","line":53,"loc":{"start":{"line":53,"column":60},"end":{"line":53,"column":94}},"locations":[{"start":{"line":53,"column":60},"end":{"line":53,"column":94}}]},"6":{"type":"branch","line":53,"loc":{"start":{"line":53,"column":71},"end":{"line":53,"column":96}},"locations":[{"start":{"line":53,"column":71},"end":{"line":53,"column":96}}]},"7":{"type":"branch","line":61,"loc":{"start":{"line":61,"column":21},"end":{"line":61,"column":45}},"locations":[{"start":{"line":61,"column":21},"end":{"line":61,"column":45}}]},"8":{"type":"branch","line":61,"loc":{"start":{"line":61,"column":34},"end":{"line":61,"column":55}},"locations":[{"start":{"line":61,"column":34},"end":{"line":61,"column":55}}]},"9":{"type":"branch","line":62,"loc":{"start":{"line":62,"column":21},"end":{"line":62,"column":46}},"locations":[{"start":{"line":62,"column":21},"end":{"line":62,"column":46}}]},"10":{"type":"branch","line":62,"loc":{"start":{"line":62,"column":34},"end":{"line":62,"column":51}},"locations":[{"start":{"line":62,"column":34},"end":{"line":62,"column":51}}]},"11":{"type":"branch","line":64,"loc":{"start":{"line":64,"column":15},"end":{"line":66,"column":8}},"locations":[{"start":{"line":64,"column":15},"end":{"line":66,"column":8}}]},"12":{"type":"branch","line":65,"loc":{"start":{"line":65,"column":24},"end":{"line":65,"column":36}},"locations":[{"start":{"line":65,"column":24},"end":{"line":65,"column":36}}]}},"b":{"0":[193],"1":[189],"2":[1],"3":[188],"4":[4],"5":[1],"6":[192],"7":[189],"8":[4],"9":[189],"10":[4],"11":[3],"12":[2]},"fnMap":{"0":{"name":"SeatButtonImpl","decl":{"start":{"line":40,"column":0},"end":{"line":77,"column":1}},"loc":{"start":{"line":40,"column":0},"end":{"line":77,"column":1}},"line":40},"1":{"name":"onClick","decl":{"start":{"line":64,"column":15},"end":{"line":66,"column":8}},"loc":{"start":{"line":64,"column":15},"end":{"line":66,"column":8}},"line":64}},"f":{"0":193,"1":3}},"/home/yzhao/willcall/web/src/components/SeatListMode.tsx":{"path":"/home/yzhao/willcall/web/src/components/SeatListMode.tsx","all":false,"statementMap":{"0":{"start":{"line":1,"column":0},"end":{"line":1,"column":41}},"1":{"start":{"line":2,"column":0},"end":{"line":2,"column":42}},"12":{"start":{"line":13,"column":0},"end":{"line":13,"column":48}},"13":{"start":{"line":14,"column":0},"end":{"line":14,"column":25}},"14":{"start":{"line":15,"column":0},"end":{"line":15,"column":18}},"15":{"start":{"line":16,"column":0},"end":{"line":16,"column":15}},"16":{"start":{"line":17,"column":0},"end":{"line":17,"column":26}},"17":{"start":{"line":18,"column":0},"end":{"line":18,"column":1}},"31":{"start":{"line":32,"column":0},"end":{"line":32,"column":93}},"32":{"start":{"line":33,"column":0},"end":{"line":33,"column":63}},"33":{"start":{"line":34,"column":0},"end":{"line":34,"column":73}},"35":{"start":{"line":36,"column":0},"end":{"line":36,"column":33}},"36":{"start":{"line":37,"column":0},"end":{"line":37,"column":32}},"37":{"start":{"line":38,"column":0},"end":{"line":38,"column":22}},"38":{"start":{"line":39,"column":0},"end":{"line":39,"column":16}},"39":{"start":{"line":40,"column":0},"end":{"line":40,"column":60}},"40":{"start":{"line":41,"column":0},"end":{"line":41,"column":75}},"41":{"start":{"line":42,"column":0},"end":{"line":42,"column":5}},"43":{"start":{"line":44,"column":0},"end":{"line":44,"column":55}},"45":{"start":{"line":46,"column":0},"end":{"line":46,"column":38}},"46":{"start":{"line":47,"column":0},"end":{"line":47,"column":82}},"47":{"start":{"line":48,"column":0},"end":{"line":48,"column":44}},"48":{"start":{"line":49,"column":0},"end":{"line":49,"column":13}},"50":{"start":{"line":51,"column":0},"end":{"line":51,"column":10}},"51":{"start":{"line":52,"column":0},"end":{"line":52,"column":33}},"52":{"start":{"line":53,"column":0},"end":{"line":53,"column":49}},"53":{"start":{"line":54,"column":0},"end":{"line":54,"column":37}},"55":{"start":{"line":56,"column":0},"end":{"line":56,"column":15}},"56":{"start":{"line":57,"column":0},"end":{"line":57,"column":16}},"57":{"start":{"line":58,"column":0},"end":{"line":58,"column":27}},"58":{"start":{"line":59,"column":0},"end":{"line":59,"column":37}},"59":{"start":{"line":60,"column":0},"end":{"line":60,"column":74}},"60":{"start":{"line":61,"column":0},"end":{"line":61,"column":17}},"62":{"start":{"line":63,"column":0},"end":{"line":63,"column":16}},"64":{"start":{"line":65,"column":0},"end":{"line":65,"column":15}},"65":{"start":{"line":66,"column":0},"end":{"line":66,"column":28}},"66":{"start":{"line":67,"column":0},"end":{"line":67,"column":17}},"67":{"start":{"line":68,"column":0},"end":{"line":68,"column":39}},"68":{"start":{"line":69,"column":0},"end":{"line":69,"column":32}},"69":{"start":{"line":70,"column":0},"end":{"line":70,"column":93}},"72":{"start":{"line":73,"column":0},"end":{"line":73,"column":41}},"73":{"start":{"line":74,"column":0},"end":{"line":74,"column":42}},"74":{"start":{"line":75,"column":0},"end":{"line":75,"column":48}},"75":{"start":{"line":76,"column":0},"end":{"line":76,"column":44}},"76":{"start":{"line":77,"column":0},"end":{"line":77,"column":23}},"77":{"start":{"line":78,"column":0},"end":{"line":78,"column":15}},"78":{"start":{"line":79,"column":0},"end":{"line":79,"column":19}},"79":{"start":{"line":80,"column":0},"end":{"line":80,"column":16}},"80":{"start":{"line":81,"column":0},"end":{"line":81,"column":17}},"82":{"start":{"line":83,"column":0},"end":{"line":83,"column":42}},"83":{"start":{"line":84,"column":0},"end":{"line":84,"column":68}},"84":{"start":{"line":85,"column":0},"end":{"line":85,"column":10}},"86":{"start":{"line":87,"column":0},"end":{"line":87,"column":41}},"87":{"start":{"line":88,"column":0},"end":{"line":88,"column":47}},"88":{"start":{"line":89,"column":0},"end":{"line":89,"column":34}},"89":{"start":{"line":90,"column":0},"end":{"line":90,"column":19}},"90":{"start":{"line":91,"column":0},"end":{"line":91,"column":27}},"91":{"start":{"line":92,"column":0},"end":{"line":92,"column":43}},"92":{"start":{"line":93,"column":0},"end":{"line":93,"column":42}},"93":{"start":{"line":94,"column":0},"end":{"line":94,"column":102}},"94":{"start":{"line":95,"column":0},"end":{"line":95,"column":77}},"95":{"start":{"line":96,"column":0},"end":{"line":96,"column":30}},"96":{"start":{"line":97,"column":0},"end":{"line":97,"column":73}},"97":{"start":{"line":98,"column":0},"end":{"line":98,"column":16}},"99":{"start":{"line":100,"column":0},"end":{"line":100,"column":93}},"100":{"start":{"line":101,"column":0},"end":{"line":101,"column":79}},"101":{"start":{"line":102,"column":0},"end":{"line":102,"column":67}},"102":{"start":{"line":103,"column":0},"end":{"line":103,"column":21}},"103":{"start":{"line":104,"column":0},"end":{"line":104,"column":15}},"104":{"start":{"line":105,"column":0},"end":{"line":105,"column":11}},"105":{"start":{"line":106,"column":0},"end":{"line":106,"column":11}},"107":{"start":{"line":108,"column":0},"end":{"line":108,"column":32}},"108":{"start":{"line":109,"column":0},"end":{"line":109,"column":11}},"109":{"start":{"line":110,"column":0},"end":{"line":110,"column":98}},"111":{"start":{"line":112,"column":0},"end":{"line":112,"column":12}},"113":{"start":{"line":114,"column":0},"end":{"line":114,"column":10}},"115":{"start":{"line":116,"column":0},"end":{"line":116,"column":1}}},"s":{"0":1,"1":1,"12":1,"13":1,"14":1,"15":1,"16":1,"17":1,"31":1,"32":11,"33":11,"35":11,"36":11,"37":11,"38":11,"39":835,"40":831,"41":11,"43":11,"45":11,"46":8,"47":8,"48":11,"50":11,"51":11,"52":11,"53":11,"55":11,"56":11,"57":11,"58":11,"59":11,"60":11,"62":11,"64":11,"65":11,"66":11,"67":11,"68":11,"69":1,"72":11,"73":11,"74":13,"75":13,"76":13,"77":11,"78":11,"79":11,"80":11,"82":11,"83":11,"84":11,"86":11,"87":11,"88":529,"89":529,"90":529,"91":529,"92":529,"93":529,"94":529,"95":529,"96":2,"97":2,"99":529,"100":529,"101":529,"102":529,"103":529,"104":11,"105":11,"107":11,"108":1,"109":1,"111":1,"113":11,"115":11},"branchMap":{"0":{"type":"branch","line":32,"loc":{"start":{"line":32,"column":7},"end":{"line":116,"column":1}},"locations":[{"start":{"line":32,"column":7},"end":{"line":116,"column":1}}]},"1":{"type":"branch","line":68,"loc":{"start":{"line":68,"column":19},"end":{"line":68,"column":39}},"locations":[{"start":{"line":68,"column":19},"end":{"line":68,"column":39}}]},"2":{"type":"branch","line":84,"loc":{"start":{"line":84,"column":49},"end":{"line":84,"column":58}},"locations":[{"start":{"line":84,"column":49},"end":{"line":84,"column":58}}]},"3":{"type":"branch","line":84,"loc":{"start":{"line":84,"column":53},"end":{"line":84,"column":62}},"locations":[{"start":{"line":84,"column":53},"end":{"line":84,"column":62}}]},"4":{"type":"branch","line":108,"loc":{"start":{"line":108,"column":24},"end":{"line":112,"column":12}},"locations":[{"start":{"line":108,"column":24},"end":{"line":112,"column":12}}]},"5":{"type":"branch","line":36,"loc":{"start":{"line":36,"column":26},"end":{"line":44,"column":5}},"locations":[{"start":{"line":36,"column":26},"end":{"line":44,"column":5}}]},"6":{"type":"branch","line":39,"loc":{"start":{"line":39,"column":6},"end":{"line":41,"column":75}},"locations":[{"start":{"line":39,"column":6},"end":{"line":41,"column":75}}]},"7":{"type":"branch","line":40,"loc":{"start":{"line":40,"column":9},"end":{"line":40,"column":60}},"locations":[{"start":{"line":40,"column":9},"end":{"line":40,"column":60}}]},"8":{"type":"branch","line":40,"loc":{"start":{"line":40,"column":45},"end":{"line":41,"column":75}},"locations":[{"start":{"line":40,"column":45},"end":{"line":41,"column":75}}]},"9":{"type":"branch","line":41,"loc":{"start":{"line":41,"column":27},"end":{"line":41,"column":75}},"locations":[{"start":{"line":41,"column":27},"end":{"line":41,"column":75}}]},"10":{"type":"branch","line":46,"loc":{"start":{"line":46,"column":31},"end":{"line":49,"column":5}},"locations":[{"start":{"line":46,"column":31},"end":{"line":49,"column":5}}]},"11":{"type":"branch","line":47,"loc":{"start":{"line":47,"column":48},"end":{"line":47,"column":80}},"locations":[{"start":{"line":47,"column":48},"end":{"line":47,"column":80}}]},"12":{"type":"branch","line":48,"loc":{"start":{"line":48,"column":28},"end":{"line":48,"column":43}},"locations":[{"start":{"line":48,"column":28},"end":{"line":48,"column":43}}]},"13":{"type":"branch","line":60,"loc":{"start":{"line":60,"column":22},"end":{"line":60,"column":74}},"locations":[{"start":{"line":60,"column":22},"end":{"line":60,"column":74}}]},"14":{"type":"branch","line":69,"loc":{"start":{"line":69,"column":22},"end":{"line":70,"column":93}},"locations":[{"start":{"line":69,"column":22},"end":{"line":70,"column":93}}]},"15":{"type":"branch","line":70,"loc":{"start":{"line":70,"column":54},"end":{"line":70,"column":66}},"locations":[{"start":{"line":70,"column":54},"end":{"line":70,"column":66}}]},"16":{"type":"branch","line":74,"loc":{"start":{"line":74,"column":30},"end":{"line":77,"column":23}},"locations":[{"start":{"line":74,"column":30},"end":{"line":77,"column":23}}]},"17":{"type":"branch","line":88,"loc":{"start":{"line":88,"column":35},"end":{"line":104,"column":15}},"locations":[{"start":{"line":88,"column":35},"end":{"line":104,"column":15}}]},"18":{"type":"branch","line":94,"loc":{"start":{"line":94,"column":45},"end":{"line":94,"column":92}},"locations":[{"start":{"line":94,"column":45},"end":{"line":94,"column":92}}]},"19":{"type":"branch","line":94,"loc":{"start":{"line":94,"column":88},"end":{"line":94,"column":102}},"locations":[{"start":{"line":94,"column":88},"end":{"line":94,"column":102}}]},"20":{"type":"branch","line":95,"loc":{"start":{"line":95,"column":46},"end":{"line":95,"column":72}},"locations":[{"start":{"line":95,"column":46},"end":{"line":95,"column":72}}]},"21":{"type":"branch","line":95,"loc":{"start":{"line":95,"column":60},"end":{"line":95,"column":77}},"locations":[{"start":{"line":95,"column":60},"end":{"line":95,"column":77}}]},"22":{"type":"branch","line":102,"loc":{"start":{"line":102,"column":44},"end":{"line":102,"column":64}},"locations":[{"start":{"line":102,"column":44},"end":{"line":102,"column":64}}]},"23":{"type":"branch","line":102,"loc":{"start":{"line":102,"column":48},"end":{"line":102,"column":67}},"locations":[{"start":{"line":102,"column":48},"end":{"line":102,"column":67}}]},"24":{"type":"branch","line":96,"loc":{"start":{"line":96,"column":23},"end":{"line":98,"column":16}},"locations":[{"start":{"line":96,"column":23},"end":{"line":98,"column":16}}]},"25":{"type":"branch","line":97,"loc":{"start":{"line":97,"column":50},"end":{"line":97,"column":73}},"locations":[{"start":{"line":97,"column":50},"end":{"line":97,"column":73}}]}},"b":{"0":[11],"1":[10],"2":[2],"3":[9],"4":[1],"5":[11],"6":[835],"7":[827],"8":[831],"9":[4],"10":[8],"11":[823],"12":[1],"13":[2],"14":[1],"15":[0],"16":[13],"17":[529],"18":[527],"19":[2],"20":[527],"21":[2],"22":[1],"23":[528],"24":[2],"25":[1]},"fnMap":{"0":{"name":"SeatListMode","decl":{"start":{"line":32,"column":7},"end":{"line":116,"column":1}},"loc":{"start":{"line":32,"column":7},"end":{"line":116,"column":1}},"line":32},"1":{"name":"onChange","decl":{"start":{"line":60,"column":22},"end":{"line":60,"column":74}},"loc":{"start":{"line":60,"column":22},"end":{"line":60,"column":74}},"line":60},"2":{"name":"onChange","decl":{"start":{"line":69,"column":22},"end":{"line":70,"column":93}},"loc":{"start":{"line":69,"column":22},"end":{"line":70,"column":93}},"line":69},"3":{"name":"onClick","decl":{"start":{"line":96,"column":23},"end":{"line":98,"column":16}},"loc":{"start":{"line":96,"column":23},"end":{"line":98,"column":16}},"line":96}},"f":{"0":11,"1":2,"2":1,"3":2}},"/home/yzhao/willcall/web/src/components/SeatMap.tsx":{"path":"/home/yzhao/willcall/web/src/components/SeatMap.tsx","all":false,"statementMap":{"0":{"start":{"line":1,"column":0},"end":{"line":1,"column":81}},"1":{"start":{"line":2,"column":0},"end":{"line":2,"column":35}},"37":{"start":{"line":38,"column":0},"end":{"line":38,"column":106}},"38":{"start":{"line":39,"column":0},"end":{"line":39,"column":46}},"39":{"start":{"line":40,"column":0},"end":{"line":40,"column":32}},"40":{"start":{"line":41,"column":0},"end":{"line":41,"column":88}},"41":{"start":{"line":42,"column":0},"end":{"line":42,"column":50}},"43":{"start":{"line":44,"column":0},"end":{"line":44,"column":25}},"44":{"start":{"line":45,"column":0},"end":{"line":45,"column":58}},"45":{"start":{"line":46,"column":0},"end":{"line":46,"column":27}},"51":{"start":{"line":52,"column":0},"end":{"line":52,"column":33}},"52":{"start":{"line":53,"column":0},"end":{"line":53,"column":11}},"53":{"start":{"line":54,"column":0},"end":{"line":54,"column":52}},"54":{"start":{"line":55,"column":0},"end":{"line":55,"column":28}},"55":{"start":{"line":56,"column":0},"end":{"line":56,"column":36}},"56":{"start":{"line":57,"column":0},"end":{"line":57,"column":40}},"57":{"start":{"line":58,"column":0},"end":{"line":58,"column":37}},"58":{"start":{"line":59,"column":0},"end":{"line":59,"column":9}},"59":{"start":{"line":60,"column":0},"end":{"line":60,"column":79}},"60":{"start":{"line":61,"column":0},"end":{"line":61,"column":48}},"61":{"start":{"line":62,"column":0},"end":{"line":62,"column":54}},"62":{"start":{"line":63,"column":0},"end":{"line":63,"column":15}},"64":{"start":{"line":65,"column":0},"end":{"line":65,"column":7}},"65":{"start":{"line":66,"column":0},"end":{"line":66,"column":6}},"66":{"start":{"line":67,"column":0},"end":{"line":67,"column":29}},"71":{"start":{"line":72,"column":0},"end":{"line":72,"column":19}},"72":{"start":{"line":73,"column":0},"end":{"line":73,"column":39}},"73":{"start":{"line":74,"column":0},"end":{"line":74,"column":23}},"74":{"start":{"line":75,"column":0},"end":{"line":75,"column":31}},"75":{"start":{"line":76,"column":0},"end":{"line":76,"column":93}},"76":{"start":{"line":77,"column":0},"end":{"line":77,"column":4}},"78":{"start":{"line":79,"column":0},"end":{"line":79,"column":29}},"79":{"start":{"line":80,"column":0},"end":{"line":80,"column":46}},"80":{"start":{"line":81,"column":0},"end":{"line":81,"column":38}},"81":{"start":{"line":82,"column":0},"end":{"line":82,"column":22}},"82":{"start":{"line":83,"column":0},"end":{"line":83,"column":80}},"83":{"start":{"line":84,"column":0},"end":{"line":84,"column":52}},"84":{"start":{"line":85,"column":0},"end":{"line":85,"column":41}},"85":{"start":{"line":86,"column":0},"end":{"line":86,"column":46}},"86":{"start":{"line":87,"column":0},"end":{"line":87,"column":6}},"87":{"start":{"line":88,"column":0},"end":{"line":88,"column":12}},"88":{"start":{"line":89,"column":0},"end":{"line":89,"column":3}},"90":{"start":{"line":91,"column":0},"end":{"line":91,"column":32}},"91":{"start":{"line":92,"column":0},"end":{"line":92,"column":53}},"92":{"start":{"line":93,"column":0},"end":{"line":93,"column":33}},"93":{"start":{"line":94,"column":0},"end":{"line":94,"column":40}},"94":{"start":{"line":95,"column":0},"end":{"line":95,"column":29}},"95":{"start":{"line":96,"column":0},"end":{"line":96,"column":47}},"96":{"start":{"line":97,"column":0},"end":{"line":97,"column":48}},"98":{"start":{"line":99,"column":0},"end":{"line":99,"column":26}},"99":{"start":{"line":100,"column":0},"end":{"line":100,"column":26}},"100":{"start":{"line":101,"column":0},"end":{"line":101,"column":32}},"101":{"start":{"line":102,"column":0},"end":{"line":102,"column":56}},"102":{"start":{"line":103,"column":0},"end":{"line":103,"column":15}},"103":{"start":{"line":104,"column":0},"end":{"line":104,"column":25}},"104":{"start":{"line":105,"column":0},"end":{"line":105,"column":32}},"105":{"start":{"line":106,"column":0},"end":{"line":106,"column":44}},"106":{"start":{"line":107,"column":0},"end":{"line":107,"column":15}},"107":{"start":{"line":108,"column":0},"end":{"line":108,"column":25}},"108":{"start":{"line":109,"column":0},"end":{"line":109,"column":32}},"109":{"start":{"line":110,"column":0},"end":{"line":110,"column":55}},"110":{"start":{"line":111,"column":0},"end":{"line":111,"column":15}},"111":{"start":{"line":112,"column":0},"end":{"line":112,"column":23}},"112":{"start":{"line":113,"column":0},"end":{"line":113,"column":32}},"113":{"start":{"line":114,"column":0},"end":{"line":114,"column":44}},"114":{"start":{"line":115,"column":0},"end":{"line":115,"column":15}},"115":{"start":{"line":116,"column":0},"end":{"line":116,"column":20}},"116":{"start":{"line":117,"column":0},"end":{"line":117,"column":32}},"117":{"start":{"line":118,"column":0},"end":{"line":118,"column":41}},"118":{"start":{"line":119,"column":0},"end":{"line":119,"column":29}},"119":{"start":{"line":120,"column":0},"end":{"line":120,"column":15}},"120":{"start":{"line":121,"column":0},"end":{"line":121,"column":19}},"121":{"start":{"line":122,"column":0},"end":{"line":122,"column":32}},"122":{"start":{"line":123,"column":0},"end":{"line":123,"column":74}},"123":{"start":{"line":124,"column":0},"end":{"line":124,"column":41}},"124":{"start":{"line":125,"column":0},"end":{"line":125,"column":15}},"125":{"start":{"line":126,"column":0},"end":{"line":126,"column":24}},"126":{"start":{"line":127,"column":0},"end":{"line":127,"column":32}},"127":{"start":{"line":128,"column":0},"end":{"line":128,"column":56}},"128":{"start":{"line":129,"column":0},"end":{"line":129,"column":15}},"129":{"start":{"line":130,"column":0},"end":{"line":130,"column":22}},"130":{"start":{"line":131,"column":0},"end":{"line":131,"column":32}},"131":{"start":{"line":132,"column":0},"end":{"line":132,"column":45}},"132":{"start":{"line":133,"column":0},"end":{"line":133,"column":15}},"133":{"start":{"line":134,"column":0},"end":{"line":134,"column":16}},"134":{"start":{"line":135,"column":0},"end":{"line":135,"column":15}},"135":{"start":{"line":136,"column":0},"end":{"line":136,"column":7}},"136":{"start":{"line":137,"column":0},"end":{"line":137,"column":6}},"137":{"start":{"line":138,"column":0},"end":{"line":138,"column":27}},"138":{"start":{"line":139,"column":0},"end":{"line":139,"column":3}},"140":{"start":{"line":141,"column":0},"end":{"line":141,"column":19}},"142":{"start":{"line":143,"column":0},"end":{"line":143,"column":10}},"155":{"start":{"line":156,"column":0},"end":{"line":156,"column":100}},"156":{"start":{"line":157,"column":0},"end":{"line":157,"column":40}},"157":{"start":{"line":158,"column":0},"end":{"line":158,"column":66}},"158":{"start":{"line":159,"column":0},"end":{"line":159,"column":80}},"159":{"start":{"line":160,"column":0},"end":{"line":160,"column":26}},"160":{"start":{"line":161,"column":0},"end":{"line":161,"column":15}},"172":{"start":{"line":173,"column":0},"end":{"line":173,"column":14}},"173":{"start":{"line":174,"column":0},"end":{"line":174,"column":23}},"174":{"start":{"line":175,"column":0},"end":{"line":175,"column":53}},"175":{"start":{"line":176,"column":0},"end":{"line":176,"column":47}},"176":{"start":{"line":177,"column":0},"end":{"line":177,"column":25}},"177":{"start":{"line":178,"column":0},"end":{"line":178,"column":33}},"179":{"start":{"line":180,"column":0},"end":{"line":180,"column":40}},"180":{"start":{"line":181,"column":0},"end":{"line":181,"column":27}},"181":{"start":{"line":182,"column":0},"end":{"line":182,"column":38}},"182":{"start":{"line":183,"column":0},"end":{"line":183,"column":22}},"183":{"start":{"line":184,"column":0},"end":{"line":184,"column":24}},"184":{"start":{"line":185,"column":0},"end":{"line":185,"column":30}},"185":{"start":{"line":186,"column":0},"end":{"line":186,"column":27}},"186":{"start":{"line":187,"column":0},"end":{"line":187,"column":41}},"187":{"start":{"line":188,"column":0},"end":{"line":188,"column":43}},"188":{"start":{"line":189,"column":0},"end":{"line":189,"column":71}},"189":{"start":{"line":190,"column":0},"end":{"line":190,"column":37}},"190":{"start":{"line":191,"column":0},"end":{"line":191,"column":18}},"192":{"start":{"line":193,"column":0},"end":{"line":193,"column":15}},"193":{"start":{"line":194,"column":0},"end":{"line":194,"column":16}},"194":{"start":{"line":195,"column":0},"end":{"line":195,"column":18}},"195":{"start":{"line":196,"column":0},"end":{"line":196,"column":9}},"196":{"start":{"line":197,"column":0},"end":{"line":197,"column":10}},"198":{"start":{"line":199,"column":0},"end":{"line":199,"column":1}}},"s":{"0":1,"1":1,"37":1,"38":35,"39":35,"40":35,"41":35,"43":35,"44":13,"45":0,"51":0,"52":0,"53":0,"54":0,"55":0,"56":0,"57":0,"58":0,"59":0,"60":0,"61":0,"62":0,"64":0,"65":0,"66":35,"71":35,"72":35,"73":35,"74":22,"75":35,"76":35,"78":35,"79":35,"80":22,"81":22,"82":22,"83":22,"84":22,"85":22,"86":22,"87":35,"88":35,"90":35,"91":35,"92":26,"93":26,"94":26,"95":26,"96":26,"98":26,"99":26,"100":10,"101":10,"102":10,"103":26,"104":3,"105":3,"106":3,"107":26,"108":2,"109":2,"110":2,"111":26,"112":1,"113":1,"114":1,"115":26,"116":2,"117":2,"118":1,"119":2,"120":26,"121":2,"122":2,"123":1,"124":2,"125":26,"126":1,"127":1,"128":1,"129":26,"130":1,"131":1,"132":1,"133":26,"134":4,"135":26,"136":26,"137":35,"138":35,"140":35,"142":35,"155":35,"156":35,"157":35,"158":35,"159":35,"160":35,"172":35,"173":35,"174":35,"175":35,"176":35,"177":35,"179":35,"180":150,"181":150,"182":150,"183":150,"184":150,"185":150,"186":150,"187":150,"188":150,"189":150,"190":150,"192":35,"193":35,"194":35,"195":35,"196":35,"198":35},"branchMap":{"0":{"type":"branch","line":38,"loc":{"start":{"line":38,"column":7},"end":{"line":199,"column":1}},"locations":[{"start":{"line":38,"column":7},"end":{"line":199,"column":1}}]},"1":{"type":"branch","line":44,"loc":{"start":{"line":44,"column":18},"end":{"line":67,"column":5}},"locations":[{"start":{"line":44,"column":18},"end":{"line":67,"column":5}}]},"2":{"type":"branch","line":45,"loc":{"start":{"line":45,"column":52},"end":{"line":66,"column":6}},"locations":[{"start":{"line":45,"column":52},"end":{"line":66,"column":6}}]},"3":{"type":"branch","line":72,"loc":{"start":{"line":72,"column":12},"end":{"line":77,"column":3}},"locations":[{"start":{"line":72,"column":12},"end":{"line":77,"column":3}}]},"4":{"type":"branch","line":74,"loc":{"start":{"line":74,"column":17},"end":{"line":74,"column":23}},"locations":[{"start":{"line":74,"column":17},"end":{"line":74,"column":23}}]},"5":{"type":"branch","line":74,"loc":{"start":{"line":74,"column":17},"end":{"line":76,"column":54}},"locations":[{"start":{"line":74,"column":17},"end":{"line":76,"column":54}}]},"6":{"type":"branch","line":76,"loc":{"start":{"line":76,"column":83},"end":{"line":76,"column":92}},"locations":[{"start":{"line":76,"column":83},"end":{"line":76,"column":92}}]},"7":{"type":"branch","line":80,"loc":{"start":{"line":80,"column":4},"end":{"line":87,"column":6}},"locations":[{"start":{"line":80,"column":4},"end":{"line":87,"column":6}}]},"8":{"type":"branch","line":82,"loc":{"start":{"line":82,"column":16},"end":{"line":82,"column":22}},"locations":[{"start":{"line":82,"column":16},"end":{"line":82,"column":22}}]},"9":{"type":"branch","line":92,"loc":{"start":{"line":92,"column":4},"end":{"line":137,"column":6}},"locations":[{"start":{"line":92,"column":4},"end":{"line":137,"column":6}}]},"10":{"type":"branch","line":95,"loc":{"start":{"line":95,"column":23},"end":{"line":95,"column":29}},"locations":[{"start":{"line":95,"column":23},"end":{"line":95,"column":29}}]},"11":{"type":"branch","line":100,"loc":{"start":{"line":100,"column":8},"end":{"line":103,"column":15}},"locations":[{"start":{"line":100,"column":8},"end":{"line":103,"column":15}}]},"12":{"type":"branch","line":104,"loc":{"start":{"line":104,"column":8},"end":{"line":107,"column":15}},"locations":[{"start":{"line":104,"column":8},"end":{"line":107,"column":15}}]},"13":{"type":"branch","line":108,"loc":{"start":{"line":108,"column":8},"end":{"line":111,"column":15}},"locations":[{"start":{"line":108,"column":8},"end":{"line":111,"column":15}}]},"14":{"type":"branch","line":112,"loc":{"start":{"line":112,"column":8},"end":{"line":115,"column":15}},"locations":[{"start":{"line":112,"column":8},"end":{"line":115,"column":15}}]},"15":{"type":"branch","line":116,"loc":{"start":{"line":116,"column":8},"end":{"line":120,"column":15}},"locations":[{"start":{"line":116,"column":8},"end":{"line":120,"column":15}}]},"16":{"type":"branch","line":118,"loc":{"start":{"line":118,"column":29},"end":{"line":119,"column":29}},"locations":[{"start":{"line":118,"column":29},"end":{"line":119,"column":29}}]},"17":{"type":"branch","line":121,"loc":{"start":{"line":121,"column":8},"end":{"line":125,"column":15}},"locations":[{"start":{"line":121,"column":8},"end":{"line":125,"column":15}}]},"18":{"type":"branch","line":123,"loc":{"start":{"line":123,"column":29},"end":{"line":124,"column":41}},"locations":[{"start":{"line":123,"column":29},"end":{"line":124,"column":41}}]},"19":{"type":"branch","line":126,"loc":{"start":{"line":126,"column":8},"end":{"line":129,"column":15}},"locations":[{"start":{"line":126,"column":8},"end":{"line":129,"column":15}}]},"20":{"type":"branch","line":130,"loc":{"start":{"line":130,"column":8},"end":{"line":133,"column":15}},"locations":[{"start":{"line":130,"column":8},"end":{"line":133,"column":15}}]},"21":{"type":"branch","line":134,"loc":{"start":{"line":134,"column":8},"end":{"line":135,"column":15}},"locations":[{"start":{"line":134,"column":8},"end":{"line":135,"column":15}}]},"22":{"type":"branch","line":157,"loc":{"start":{"line":157,"column":26},"end":{"line":195,"column":18}},"locations":[{"start":{"line":157,"column":26},"end":{"line":195,"column":18}}]},"23":{"type":"branch","line":180,"loc":{"start":{"line":180,"column":30},"end":{"line":193,"column":13}},"locations":[{"start":{"line":180,"column":30},"end":{"line":193,"column":13}}]},"24":{"type":"branch","line":189,"loc":{"start":{"line":189,"column":49},"end":{"line":189,"column":68}},"locations":[{"start":{"line":189,"column":49},"end":{"line":189,"column":68}}]},"25":{"type":"branch","line":189,"loc":{"start":{"line":189,"column":61},"end":{"line":189,"column":71}},"locations":[{"start":{"line":189,"column":61},"end":{"line":189,"column":71}}]}},"b":{"0":[35],"1":[13],"2":[0],"3":[35],"4":[13],"5":[22],"6":[22],"7":[22],"8":[0],"9":[26],"10":[0],"11":[10],"12":[3],"13":[2],"14":[1],"15":[2],"16":[1],"17":[2],"18":[1],"19":[1],"20":[1],"21":[4],"22":[35],"23":[150],"24":[35],"25":[115]},"fnMap":{"0":{"name":"SeatMap","decl":{"start":{"line":38,"column":7},"end":{"line":199,"column":1}},"loc":{"start":{"line":38,"column":7},"end":{"line":199,"column":1}},"line":38}},"f":{"0":35}},"/home/yzhao/willcall/web/src/components/SeatRow.tsx":{"path":"/home/yzhao/willcall/web/src/components/SeatRow.tsx","all":false,"statementMap":{"0":{"start":{"line":1,"column":0},"end":{"line":1,"column":28}},"1":{"start":{"line":2,"column":0},"end":{"line":2,"column":41}},"26":{"start":{"line":27,"column":0},"end":{"line":27,"column":81}},"27":{"start":{"line":28,"column":0},"end":{"line":28,"column":10}},"28":{"start":{"line":29,"column":0},"end":{"line":29,"column":64}},"29":{"start":{"line":30,"column":0},"end":{"line":30,"column":59}},"30":{"start":{"line":31,"column":0},"end":{"line":31,"column":19}},"31":{"start":{"line":32,"column":0},"end":{"line":32,"column":13}},"32":{"start":{"line":33,"column":0},"end":{"line":33,"column":39}},"33":{"start":{"line":34,"column":0},"end":{"line":34,"column":19}},"34":{"start":{"line":35,"column":0},"end":{"line":35,"column":23}},"35":{"start":{"line":36,"column":0},"end":{"line":36,"column":22}},"36":{"start":{"line":37,"column":0},"end":{"line":37,"column":28}},"37":{"start":{"line":38,"column":0},"end":{"line":38,"column":53}},"38":{"start":{"line":39,"column":0},"end":{"line":39,"column":45}},"39":{"start":{"line":40,"column":0},"end":{"line":40,"column":38}},"40":{"start":{"line":41,"column":0},"end":{"line":41,"column":51}},"41":{"start":{"line":42,"column":0},"end":{"line":42,"column":29}},"42":{"start":{"line":43,"column":0},"end":{"line":43,"column":10}},"43":{"start":{"line":44,"column":0},"end":{"line":44,"column":9}},"44":{"start":{"line":45,"column":0},"end":{"line":45,"column":10}},"46":{"start":{"line":47,"column":0},"end":{"line":47,"column":1}},"48":{"start":{"line":49,"column":0},"end":{"line":49,"column":40}}},"s":{"0":1,"1":1,"26":75,"27":75,"28":75,"29":75,"30":75,"31":75,"32":75,"33":261,"34":261,"35":261,"36":261,"37":261,"38":261,"39":261,"40":261,"41":261,"42":261,"43":75,"44":75,"46":75,"48":1},"branchMap":{"0":{"type":"branch","line":27,"loc":{"start":{"line":27,"column":0},"end":{"line":47,"column":1}},"locations":[{"start":{"line":27,"column":0},"end":{"line":47,"column":1}}]},"1":{"type":"branch","line":33,"loc":{"start":{"line":33,"column":21},"end":{"line":43,"column":10}},"locations":[{"start":{"line":33,"column":21},"end":{"line":43,"column":10}}]},"2":{"type":"branch","line":38,"loc":{"start":{"line":38,"column":36},"end":{"line":38,"column":53}},"locations":[{"start":{"line":38,"column":36},"end":{"line":38,"column":53}}]},"3":{"type":"branch","line":41,"loc":{"start":{"line":41,"column":30},"end":{"line":41,"column":48}},"locations":[{"start":{"line":41,"column":30},"end":{"line":41,"column":48}}]},"4":{"type":"branch","line":41,"loc":{"start":{"line":41,"column":44},"end":{"line":41,"column":51}},"locations":[{"start":{"line":41,"column":44},"end":{"line":41,"column":51}}]}},"b":{"0":[75],"1":[261],"2":[0],"3":[33],"4":[228]},"fnMap":{"0":{"name":"SeatRowImpl","decl":{"start":{"line":27,"column":0},"end":{"line":47,"column":1}},"loc":{"start":{"line":27,"column":0},"end":{"line":47,"column":1}},"line":27}},"f":{"0":75}},"/home/yzhao/willcall/web/src/components/SystemStatusPanel.tsx":{"path":"/home/yzhao/willcall/web/src/components/SystemStatusPanel.tsx","all":false,"statementMap":{"0":{"start":{"line":1,"column":0},"end":{"line":1,"column":48}},"1":{"start":{"line":2,"column":0},"end":{"line":2,"column":46}},"5":{"start":{"line":6,"column":0},"end":{"line":6,"column":51}},"6":{"start":{"line":7,"column":0},"end":{"line":7,"column":33}},"7":{"start":{"line":8,"column":0},"end":{"line":8,"column":43}},"8":{"start":{"line":9,"column":0},"end":{"line":9,"column":15}},"9":{"start":{"line":10,"column":0},"end":{"line":10,"column":1}},"15":{"start":{"line":16,"column":0},"end":{"line":16,"column":37}},"16":{"start":{"line":17,"column":0},"end":{"line":17,"column":49}},"17":{"start":{"line":18,"column":0},"end":{"line":18,"column":32}},"18":{"start":{"line":19,"column":0},"end":{"line":19,"column":31}},"19":{"start":{"line":20,"column":0},"end":{"line":20,"column":28}},"20":{"start":{"line":21,"column":0},"end":{"line":21,"column":4}},"22":{"start":{"line":23,"column":0},"end":{"line":23,"column":55}},"23":{"start":{"line":24,"column":0},"end":{"line":24,"column":16}},"24":{"start":{"line":25,"column":0},"end":{"line":25,"column":12}},"25":{"start":{"line":26,"column":0},"end":{"line":26,"column":23}},"27":{"start":{"line":28,"column":0},"end":{"line":28,"column":10}},"29":{"start":{"line":30,"column":0},"end":{"line":30,"column":3}},"31":{"start":{"line":32,"column":0},"end":{"line":32,"column":10}},"32":{"start":{"line":33,"column":0},"end":{"line":33,"column":35}},"33":{"start":{"line":34,"column":0},"end":{"line":34,"column":87}},"34":{"start":{"line":35,"column":0},"end":{"line":35,"column":90}},"35":{"start":{"line":36,"column":0},"end":{"line":36,"column":16}},"36":{"start":{"line":37,"column":0},"end":{"line":37,"column":21}},"37":{"start":{"line":38,"column":0},"end":{"line":38,"column":26}},"38":{"start":{"line":39,"column":0},"end":{"line":39,"column":90}},"39":{"start":{"line":40,"column":0},"end":{"line":40,"column":8}},"40":{"start":{"line":41,"column":0},"end":{"line":41,"column":10}},"41":{"start":{"line":42,"column":0},"end":{"line":42,"column":93}},"42":{"start":{"line":43,
[...]
,"end":{"line":190,"column":20}},"190":{"start":{"line":191,"column":0},"end":{"line":191,"column":9}},"191":{"start":{"line":192,"column":0},"end":{"line":192,"column":85}},"192":{"start":{"line":193,"column":0},"end":{"line":193,"column":23}},"193":{"start":{"line":194,"column":0},"end":{"line":194,"column":18}},"194":{"start":{"line":195,"column":0},"end":{"line":195,"column":24}},"195":{"start":{"line":196,"column":0},"end":{"line":196,"column":102}},"196":{"start":{"line":197,"column":0},"end":{"line":197,"column":8}},"197":{"start":{"line":198,"column":0},"end":{"line":198,"column":70}},"198":{"start":{"line":199,"column":0},"end":{"line":199,"column":30}},"199":{"start":{"line":200,"column":0},"end":{"line":200,"column":21}},"200":{"start":{"line":201,"column":0},"end":{"line":201,"column":63}},"203":{"start":{"line":204,"column":0},"end":{"line":204,"column":37}},"204":{"start":{"line":205,"column":0},"end":{"line":205,"column":15}},"205":{"start":{"line":206,"column":0},"end":{"line":206,"column":20}},"206":{"start":{"line":207,"column":0},"end":{"line":207,"column":5}},"207":{"start":{"line":208,"column":0},"end":{"line":208,"column":3}},"209":{"start":{"line":210,"column":0},"end":{"line":210,"column":76}},"210":{"start":{"line":211,"column":0},"end":{"line":211,"column":24}},"211":{"start":{"line":212,"column":0},"end":{"line":212,"column":17}},"212":{"start":{"line":213,"column":0},"end":{"line":213,"column":20}},"213":{"start":{"line":214,"column":0},"end":{"line":214,"column":9}},"214":{"start":{"line":215,"column":0},"end":{"line":215,"column":81}},"215":{"start":{"line":216,"column":0},"end":{"line":216,"column":23}},"216":{"start":{"line":217,"column":0},"end":{"line":217,"column":44}},"217":{"start":{"line":218,"column":0},"end":{"line":218,"column":87}},"218":{"start":{"line":219,"column":0},"end":{"line":219,"column":70}},"219":{"start":{"line":220,"column":0},"end":{"line":220,"column":30}},"220":{"start":{"line":221,"column":0},"end":{"line":221,"column":21}},"221":{"start":{"line":222,"column":0},"end":{"line":222,"column":63}},"222":{"start":{"line":223,"column":0},"end":{"line":223,"column":37}},"223":{"start":{"line":224,"column":0},"end":{"line":224,"column":15}},"224":{"start":{"line":225,"column":0},"end":{"line":225,"column":20}},"225":{"start":{"line":226,"column":0},"end":{"line":226,"column":5}},"226":{"start":{"line":227,"column":0},"end":{"line":227,"column":3}},"228":{"start":{"line":229,"column":0},"end":{"line":229,"column":35}},"229":{"start":{"line":230,"column":0},"end":{"line":230,"column":21}},"230":{"start":{"line":231,"column":0},"end":{"line":231,"column":17}},"231":{"start":{"line":232,"column":0},"end":{"line":232,"column":9}},"232":{"start":{"line":233,"column":0},"end":{"line":233,"column":35}},"233":{"start":{"line":234,"column":0},"end":{"line":234,"column":19}},"234":{"start":{"line":235,"column":0},"end":{"line":235,"column":28}},"235":{"start":{"line":236,"column":0},"end":{"line":236,"column":37}},"236":{"start":{"line":237,"column":0},"end":{"line":237,"column":75}},"237":{"start":{"line":238,"column":0},"end":{"line":238,"column":40}},"238":{"start":{"line":239,"column":0},"end":{"line":239,"column":28}},"239":{"start":{"line":240,"column":0},"end":{"line":240,"column":38}},"240":{"start":{"line":241,"column":0},"end":{"line":241,"column":30}},"241":{"start":{"line":242,"column":0},"end":{"line":242,"column":21}},"242":{"start":{"line":243,"column":0},"end":{"line":243,"column":63}},"243":{"start":{"line":244,"column":0},"end":{"line":244,"column":15}},"244":{"start":{"line":245,"column":0},"end":{"line":245,"column":20}},"245":{"start":{"line":246,"column":0},"end":{"line":246,"column":5}},"246":{"start":{"line":247,"column":0},"end":{"line":247,"column":3}},"248":{"start":{"line":249,"column":0},"end":{"line":249,"column":32}},"249":{"start":{"line":250,"column":0},"end":{"line":250,"column":21}},"250":{"start":{"line":251,"column":0},"end":{"line":251,"column":17}},"251":{"start":{"line":252,"column":0},"end":{"line":252,"column":20}},"252":{"start":{"line":253,"column":0},"end":{"line":253,"column":9}},"253":{"start":{"line":254,"column":0},"end":{"line":254,"column":63}},"254":{"start":{"line":255,"column":0},"end":{"line":255,"column":47}},"255":{"start":{"line":256,"column":0},"end":{"line":256,"column":21}},"256":{"start":{"line":257,"column":0},"end":{"line":257,"column":39}},"257":{"start":{"line":258,"column":0},"end":{"line":258,"column":41}},"258":{"start":{"line":259,"column":0},"end":{"line":259,"column":30}},"259":{"start":{"line":260,"column":0},"end":{"line":260,"column":74}},"262":{"start":{"line":263,"column":0},"end":{"line":263,"column":14}},"263":{"start":{"line":264,"column":0},"end":{"line":264,"column":42}},"264":{"start":{"line":265,"column":0},"end":{"line":265,"column":7}},"265":{"start":{"line":266,"column":0},"end":{"line":266,"column":109}},"266":{"start":{"line":267,"column":0},"end":{"line":267,"column":21}},"267":{"start":{"line":268,"column":0},"end":{"line":268,"column":30}},"268":{"start":{"line":269,"column":0},"end":{"line":269,"column":7}},"269":{"start":{"line":270,"column":0},"end":{"line":270,"column":15}},"270":{"start":{"line":271,"column":0},"end":{"line":271,"column":20}},"271":{"start":{"line":272,"column":0},"end":{"line":272,"column":5}},"272":{"start":{"line":273,"column":0},"end":{"line":273,"column":3}},"274":{"start":{"line":275,"column":0},"end":{"line":275,"column":43}},"275":{"start":{"line":276,"column":0},"end":{"line":276,"column":17}},"276":{"start":{"line":277,"column":0},"end":{"line":277,"column":26}},"277":{"start":{"line":278,"column":0},"end":{"line":278,"column":35}},"278":{"start":{"line":279,"column":0},"end":{"line":279,"column":38}},"279":{"start":{"line":280,"column":0},"end":{"line":280,"column":16}},"280":{"start":{"line":281,"column":0},"end":{"line":281,"column":95}},"281":{"start":{"line":282,"column":0},"end":{"line":282,"column":39}},"284":{"start":{"line":285,"column":0},"end":{"line":285,"column":28}},"285":{"start":{"line":286,"column":0},"end":{"line":286,"column":36}},"288":{"start":{"line":289,"column":0},"end":{"line":289,"column":28}},"289":{"start":{"line":290,"column":0},"end":{"line":290,"column":36}},"291":{"start":{"line":292,"column":0},"end":{"line":292,"column":66}},"293":{"start":{"line":294,"column":0},"end":{"line":294,"column":10}},"294":{"start":{"line":295,"column":0},"end":{"line":295,"column":6}},"295":{"start":{"line":296,"column":0},"end":{"line":296,"column":45}},"296":{"start":{"line":297,"column":0},"end":{"line":297,"column":42}},"298":{"start":{"line":299,"column":0},"end":{"line":299,"column":35}},"299":{"start":{"line":300,"column":0},"end":{"line":300,"column":76}},"300":{"start":{"line":301,"column":0},"end":{"line":301,"column":24}},"301":{"start":{"line":302,"column":0},"end":{"line":302,"column":162}},"302":{"start":{"line":303,"column":0},"end":{"line":303,"column":43}},"303":{"start":{"line":304,"column":0},"end":{"line":304,"column":12}},"304":{"start":{"line":305,"column":0},"end":{"line":305,"column":103}},"305":{"start":{"line":306,"column":0},"end":{"line":306,"column":56}},"306":{"start":{"line":307,"column":0},"end":{"line":307,"column":47}},"307":{"start":{"line":308,"column":0},"end":{"line":308,"column":17}},"308":{"start":{"line":309,"column":0},"end":{"line":309,"column":96}},"309":{"start":{"line":310,"column":0},"end":{"line":310,"column":46}},"310":{"start":{"line":311,"column":0},"end":{"line":311,"column":17}},"311":{"start":{"line":312,"column":0},"end":{"line":312,"column":12}},"312":{"start":{"line":313,"column":0},"end":{"line":313,"column":79}},"313":{"start":{"line":314,"column":0},"end":{"line":314,"column":17}},"314":{"start":{"line":315,"column":0},"end":{"line":315,"column":25}},"315":{"start":{"line":316,"column":0},"end":{"line":316,"column":45}},"316":{"start":{"line":317,"column":0},"end":{"line":317,"column":46}},"317":{"start":{"line":318,"column":0},"end":{"line":318,"column":11}},"319":{"start":{"line":320,"column":0},"end":{"line":320,"column":19}},"320":{"start":{"line":321,"column":0},"end":{"line":321,"column":17}},"321":{"start":{"line":322,"column":0},"end":{"line":322,"column":25}},"322":{"start":{"line":323,"column":0},"end":{"line":323,"column":46}},"323":{"start":{"line":324,"column":0},"end":{"line":324,"column":47}},"324":{"start":{"line":325,"column":0},"end":{"line":325,"column":11}},"326":{"start":{"line":327,"column":0},"end":{"line":327,"column":19}},"327":{"start":{"line":328,"column":0},"end":{"line":328,"column":14}},"328":{"start":{"line":329,"column":0},"end":{"line":329,"column":12}},"330":{"start":{"line":331,"column":0},"end":{"line":331,"column":19}},"331":{"start":{"line":332,"column":0},"end":{"line":332,"column":10}},"332":{"start":{"line":333,"column":0},"end":{"line":333,"column":62}},"333":{"start":{"line":334,"column":0},"end":{"line":334,"column":62}},"334":{"start":{"line":335,"column":0},"end":{"line":335,"column":71}},"336":{"start":{"line":337,"column":0},"end":{"line":337,"column":24}},"337":{"start":{"line":338,"column":0},"end":{"line":338,"column":12}},"340":{"start":{"line":341,"column":0},"end":{"line":341,"column":38}},"341":{"start":{"line":342,"column":0},"end":{"line":342,"column":45}},"342":{"start":{"line":343,"column":0},"end":{"line":343,"column":62}},"343":{"start":{"line":344,"column":0},"end":{"line":344,"column":74}},"345":{"start":{"line":346,"column":0},"end":{"line":346,"column":50}},"346":{"start":{"line":347,"column":0},"end":{"line":347,"column":20}},"347":{"start":{"line":348,"column":0},"end":{"line":348,"column":34}},"348":{"start":{"line":349,"column":0},"end":{"line":349,"column":40}},"349":{"start":{"line":350,"column":0},"end":{"line":350,"column":36}},"350":{"start":{"line":351,"column":0},"end":{"line":351,"column":35}},"351":{"start":{"line":352,"column":0},"end":{"line":352,"column":49}},"352":{"start":{"line":353,"column":0},"end":{"line":353,"column":14}},"355":{"start":{"line":356,"column":0},"end":{"line":356,"column":51}},"356":{"start":{"line":357,"column":0},"end":{"line":357,"column":25}},"357":{"start":{"line":358,"column":0},"end":{"line":358,"column":34}},"358":{"start":{"line":359,"column":0},"end":{"line":359,"column":40}},"359":{"start":{"line":360,"column":0},"end":{"line":360,"column":36}},"360":{"start":{"line":361,"column":0},"end":{"line":361,"column":35}},"361":{"start":{"line":362,"column":0},"end":{"line":362,"column":14}},"364":{"start":{"line":365,"column":0},"end":{"line":365,"column":28}},"365":{"start":{"line":366,"column":0},"end":{"line":366,"column":46}},"366":{"start":{"line":367,"column":0},"end":{"line":367,"column":66}},"367":{"start":{"line":368,"column":0},"end":{"line":368,"column":86}},"368":{"start":{"line":369,"column":0},"end":{"line":369,"column":41}},"369":{"start":{"line":370,"column":0},"end":{"line":370,"column":16}},"372":{"start":{"line":373,"column":0},"end":{"line":373,"column":33}},"373":{"start":{"line":374,"column":0},"end":{"line":374,"column":62}},"374":{"start":{"line":375,"column":0},"end":{"line":375,"column":104}},"375":{"start":{"line":376,"column":0},"end":{"line":376,"column":16}},"377":{"start":{"line":378,"column":0},"end":{"line":378,"column":14}},"379":{"start":{"line":380,"column":0},"end":{"line":380,"column":77}},"386":{"start":{"line":387,"column":0},"end":{"line":387,"column":50}},"388":{"start":{"line":389,"column":0},"end":{"line":389,"column":15}},"390":{"start":{"line":391,"column":0},"end":{"line":391,"column":21}},"391":{"start":{"line":392,"column":0},"end":{"line":392,"column":14}},"392":{"start":{"line":393,"column":0},"end":{"line":393,"column":17}},"393":{"start":{"line":394,"column":0},"end":{"line":394,"column":36}},"394":{"start":{"line":395,"column":0},"end":{"line":395,"column":96}},"395":{"start":{"line":396,"column":0},"end":{"line":396,"column":85}},"396":{"start":{"line":397,"column":0},"end":{"line":397,"column":18}},"398":{"start":{"line":399,"column":0},"end":{"line":399,"column":47}},"399":{"start":{"line":400,"column":0},"end":{"line":400,"column":47}},"400":{"start":{"line":401,"column":0},"end":{"line":401,"column":42}},"401":{"start":{"line":402,"column":0},"end":{"line":402,"column":99}},"402":{"start":{"line":403,"column":0},"end":{"line":403,"column":56}},"403":{"start":{"line":404,"column":0},"end":{"line":404,"column":23}},"404":{"start":{"line":405,"column":0},"end":{"line":405,"column":19}},"405":{"start":{"line":406,"column":0},"end":{"line":406,"column":19}},"407":{"start":{"line":408,"column":0},"end":{"line":408,"column":21}},"408":{"start":{"line":409,"column":0},"end":{"line":409,"column":29}},"409":{"start":{"line":410,"column":0},"end":{"line":410,"column":56}},"410":{"start":{"line":411,"column":0},"end":{"line":411,"column":54}},"411":{"start":{"line":412,"column":0},"end":{"line":412,"column":51}},"412":{"start":{"line":413,"column":0},"end":{"line":413,"column":43}},"413":{"start":{"line":414,"column":0},"end":{"line":414,"column":15}},"415":{"start":{"line":416,"column":0},"end":{"line":416,"column":23}},"417":{"start":{"line":418,"column":0},"end":{"line":418,"column":53}},"418":{"start":{"line":419,"column":0},"end":{"line":419,"column":49}},"419":{"start":{"line":420,"column":0},"end":{"line":420,"column":46}},"420":{"start":{"line":421,"column":0},"end":{"line":421,"column":25}},"421":{"start":{"line":422,"column":0},"end":{"line":422,"column":34}},"422":{"start":{"line":423,"column":0},"end":{"line":423,"column":33}},"423":{"start":{"line":424,"column":0},"end":{"line":424,"column":41}},"424":{"start":{"line":425,"column":0},"end":{"line":425,"column":35}},"425":{"start":{"line":426,"column":0},"end":{"line":426,"column":74}},"427":{"start":{"line":428,"column":0},"end":{"line":428,"column":39}},"428":{"start":{"line":429,"column":0},"end":{"line":429,"column":27}},"429":{"start":{"line":430,"column":0},"end":{"line":430,"column":19}},"430":{"start":{"line":431,"column":0},"end":{"line":431,"column":23}},"431":{"start":{"line":432,"column":0},"end":{"line":432,"column":31}},"432":{"start":{"line":433,"column":0},"end":{"line":433,"column":39}},"433":{"start":{"line":434,"column":0},"end":{"line":434,"column":33}},"434":{"start":{"line":435,"column":0},"end":{"line":435,"column":66}},"435":{"start":{"line":436,"column":0},"end":{"line":436,"column":48}},"436":{"start":{"line":437,"column":0},"end":{"line":437,"column":17}},"438":{"start":{"line":439,"column":0},"end":{"line":439,"column":25}},"439":{"start":{"line":440,"column":0},"end":{"line":440,"column":25}},"440":{"start":{"line":441,"column":0},"end":{"line":441,"column":15}},"443":{"start":{"line":444,"column":0},"end":{"line":444,"column":20}},"444":{"start":{"line":445,"column":0},"end":{"line":445,"column":14}},"445":{"start":{"line":446,"column":0},"end":{"line":446,"column":24}},"446":{"start":{"line":447,"column":0},"end":{"line":447,"column":42}},"447":{"start":{"line":448,"column":0},"end":{"line":448,"column":79}},"448":{"start":{"line":449,"column":0},"end":{"line":449,"column":41}},"449":{"start":{"line":450,"column":0},"end":{"line":450,"column":16}},"451":{"start":{"line":452,"column":0},"end":{"line":452,"column":17}},"452":{"start":{"line":453,"column":0},"end":{"line":453,"column":78}},"453":{"start":{"line":454,"column":0},"end":{"line":454,"column":18}},"455":{"start":{"line":456,"column":0},"end":{"line":456,"column":21}},"456":{"start":{"line":457,"column":0},"end":{"line":457,"column":29}},"457":{"start":{"line":458,"column":0},"end":{"line":458,"column":56}},"458":{"start":{"line":459,"column":0},"end":{"line":459,"column":31}},"459":{"start":{"line":460,"column":0},"end":{"line":460,"column":47}},"460":{"start":{"line":461,"column":0},"end":{"line":461,"column":38}},"461":{"start":{"line":462,"column":0},"end":{"line":462,"column":15}},"462":{"start":{"line":463,"column":0},"end":{"line":463,"column":45}},"463":{"start":{"line":464,"column":0},"end":{"line":464,"column":23}},"465":{"start":{"line":466,"column":0},"end":{"line":466,"column":109}},"467":{"start":{"line":468,"column":0},"end":{"line":468,"column":23}},"469":{"start":{"line":470,"column":0},"end":{"line":470,"column":37}},"472":{"start":{"line":473,"column":0},"end":{"line":473,"column":18}},"473":{"start":{"line":474,"column":0},"end":{"line":474,"column":15}},"475":{"start":{"line":476,"column":0},"end":{"line":476,"column":16}},"476":{"start":{"line":477,"column":0},"end":{"line":477,"column":12}},"477":{"start":{"line":478,"column":0},"end":{"line":478,"column":7}},"479":{"start":{"line":480,"column":0},"end":{"line":480,"column":1}}},"s":{"0":0,"1":0,"2":0,"3":0,"4":0,"5":0,"6":0,"7":0,"8":0,"9":0,"10":0,"18":0,"38":0,"39":0,"40":0,"41":0,"44":0,"45":0,"47":0,"48":0,"49":0,"50":0,"51":0,"52":0,"53":0,"54":0,"56":0,"57":0,"58":0,"59":0,"60":0,"61":0,"63":0,"64":0,"65":0,"66":0,"67":0,"76":0,"77":0,"78":0,"79":0,"80":0,"81":0,"82":0,"83":0,"84":0,"85":0,"86":0,"87":0,"88":0,"89":0,"90":0,"91":0,"92":0,"96":0,"97":0,"98":0,"99":0,"100":0,"101":0,"102":0,"104":0,"105":0,"106":0,"107":0,"108":0,"109":0,"110":0,"112":0,"113":0,"118":0,"119":0,"120":0,"122":0,"123":0,"124":0,"125":0,"126":0,"130":0,"132":0,"133":0,"135":0,"136":0,"137":0,"138":0,"139":0,"140":0,"141":0,"142":0,"143":0,"144":0,"145":0,"146":0,"147":0,"148":0,"149":0,"150":0,"153":0,"154":0,"155":0,"156":0,"157":0,"158":0,"159":0,"161":0,"162":0,"163":0,"164":0,"165":0,"166":0,"167":0,"168":0,"169":0,"170":0,"171":0,"172":0,"173":0,"174":0,"175":0,"176":0,"177":0,"178":0,"179":0,"180":0,"181":0,"182":0,"183":0,"184":0,"186":0,"187":0,"188":0,"189":0,"190":0,"191":0,"192":0,"193":0,"194":0,"195":0,"196":0,"197":0,"198":0,"199":0,"200":0,"203":0,"204":0,"205":0,"206":0,"207":0,"209":0,"210":0,"211":0,"212":0,"213":0,"214":0,"215":0,"216":0,"217":0,"218":0,"219":0,"220":0,"221":0,"222":0,"223":0,"224":0,"225":0,"226":0,"228":0,"229":0,"230":0,"231":0,"232":0,"233":0,"234":0,"235":0,"236":0,"237":0,"238":0,"239":0,"240":0,"241":0,"242":0,"243":0,"244":0,"245":0,"246":0,"248":0,"249":0,"250":0,"251":0,"252":0,"253":0,"254":0,"255":0,"256":0,"257":0,"258":0,"259":0,"262":0,"263":0,"264":0,"265":0,"266":0,"267":0,"268":0,"269":0,"270":0,"271":0,"272":0,"274":0,"275":0,"276":0,"277":0,"278":0,"279":0,"280":0,"281":0,"284":0,"285":0,"288":0,"289":0,"291":0,"293":0,"294":0,"295":0,"296":0,"298":0,"299":0,"300":0,"301":0,"302":0,"303":0,"304":0,"305":0,"306":0,"307":0,"308":0,"309":0,"310":0,"311":0,"312":0,"313":0,"314":0,"315":0,"316":0,"317":0,"319":0,"320":0,"321":0,"322":0,"323":0,"324":0,"326":0,"327":0,"328":0,"330":0,"331":0,"332":0,"333":0,"334":0,"336":0,"337":0,"340":0,"341":0,"342":0,"343":0,"345":0,"346":0,"347":0,"348":0,"349":0,"350":0,"351":0,"352":0,"355":0,"356":0,"357":0,"358":0,"359":0,"360":0,"361":0,"364":0,"365":0,"366":0,"367":0,"368":0,"369":0,"372":0,"373":0,"374":0,"375":0,"377":0,"379":0,"386":0,"388":0,"390":0,"391":0,"392":0,"393":0,"394":0,"395":0,"396":0,"398":0,"399":0,"400":0,"401":0,"402":0,"403":0,"404":0,"405":0,"407":0,"408":0,"409":0,"410":0,"411":0,"412":0,"413":0,"415":0,"417":0,"418":0,"419":0,"420":0,"421":0,"422":0,"423":0,"424":0,"425":0,"427":0,"428":0,"429":0,"430":0,"431":0,"432":0,"433":0,"434":0,"435":0,"436":0,"438":0,"439":0,"440":0,"443":0,"444":0,"445":0,"446":0,"447":0,"448":0,"449":0,"451":0,"452":0,"453":0,"455":0,"456":0,"457":0,"458":0,"459":0,"460":0,"461":0,"462":0,"463":0,"465":0,"467":0,"469":0,"472":0,"473":0,"475":0,"476":0,"477":0,"479":0},"branchMap":{"0":{"type":"branch","line":1,"loc":{"start":{"line":1,"column":18376},"end":{"line":480,"column":1}},"locations":[{"start":{"line":1,"column":18376},"end":{"line":480,"column":1}}]}},"b":{"0":[0]},"fnMap":{"0":{"name":"(empty-report)","decl":{"start":{"line":1,"column":18376},"end":{"line":480,"column":1}},"loc":{"start":{"line":1,"column":18376},"end":{"line":480,"column":1}},"line":1}},"f":{"0":0}}}}