{"total": {"lines":{"total":1586,"covered":749,"skipped":0,"pct":47.22},"statements":{"total":1586,"covered":749,"skipped":0,"pct":47.22},"functions":{"total":70,"covered":56,"skipped":0,"pct":80},"branches":{"total":245,"covered":210,"skipped":0,"pct":85.71},"branchesTrue":{"total":0,"covered":0,"skipped":0,"pct":100}}
,"/home/yzhao/willcall/web/src/App.tsx": {"lines":{"total":53,"covered":0,"skipped":0,"pct":0},"functions":{"total":1,"covered":0,"skipped":0,"pct":0},"statements":{"total":53,"covered":0,"skipped":0,"pct":0},"branches":{"total":1,"covered":0,"skipped":0,"pct":0}}
,"/home/yzhao/willcall/web/src/vite-env.d.ts": {"lines":{"total":0,"covered":0,"skipped":0,"pct":100},"functions":{"total":1,"covered":1,"skipped":0,"pct":100},"statements":{"total":0,"covered":0,"skipped":0,"pct":100},"branches":{"total":1,"covered":1,"skipped":0,"pct":100}}
,"/home/yzhao/willcall/web/src/components/HoldTimer.tsx": {"lines":{"total":49,"covered":49,"skipped":0,"pct":100},"functions":{"total":3,"covered":3,"skipped":0,"pct":100},"statements":{"total":49,"covered":49,"skipped":0,"pct":100},"branches":{"total":21,"covered":21,"skipped":0,"pct":100}}
,"/home/yzhao/willcall/web/src/components/Layout.tsx": {"lines":{"total":30,"covered":0,"skipped":0,"pct":0},"functions":{"total":1,"covered":1,"skipped":0,"pct":100},"statements":{"total":30,"covered":0,"skipped":0,"pct":0},"branches":{"total":1,"covered":1,"skipped":0,"pct":100}}
,"/home/yzhao/willcall/web/src/components/LiveAnnouncer.tsx": {"lines":{"total":30,"covered":30,"skipped":0,"pct":100},"functions":{"total":1,"covered":1,"skipped":0,"pct":100},"statements":{"total":30,"covered":30,"skipped":0,"pct":100},"branches":{"total":7,"covered":7,"skipped":0,"pct":100}}
,"/home/yzhao/willcall/web/src/components/SeatButton.tsx": {"lines":{"total":38,"covered":38,"skipped":0,"pct":100},"functions":{"total":2,"covered":2,"skipped":0,"pct":100},"statements":{"total":38,"covered":38,"skipped":0,"pct":100},"branches":{"total":13,"covered":13,"skipped":0,"pct":100}}
,"/home/yzhao/willcall/web/src/components/SeatListMode.tsx": {"lines":{"total":77,"covered":77,"skipped":0,"pct":100},"functions":{"total":4,"covered":4,"skipped":0,"pct":100},"statements":{"total":77,"covered":77,"skipped":0,"pct":100},"branches":{"total":26,"covered":25,"skipped":0,"pct":96.15}}
,"/home/yzhao/willcall/web/src/components/SeatMap.tsx": {"lines":{"total":122,"covered":107,"skipped":0,"pct":87.7},"functions":{"total":1,"covered":1,"skipped":0,"pct":100},"statements":{"total":122,"covered":107,"skipped":0,"pct":87.7},"branches":{"total":26,"covered":23,"skipped":0,"pct":88.46}}
,"/home/yzhao/willcall/web/src/components/SeatRow.tsx": {"lines":{"total":23,"covered":23,"skipped":0,"pct":100},"functions":{"total":1,"covered":1,"skipped":0,"pct":100},"statements":{"total":23,"covered":23,"skipped":0,"pct":100},"branches":{"total":5,"covered":4,"skipped":0,"pct":80}}
,"/home/yzhao/willcall/web/src/components/SystemStatusPanel.tsx": {"lines":{"total":40,"covered":37,"skipped":0,"pct":92.5},"functions":{"total":3,"covered":3,"skipped":0,"pct":100},"statements":{"total":40,"covered":37,"skipped":0,"pct":92.5},"branches":{"total":9,"covered":6,"skipped":0,"pct":66.66}}
,"/home/yzhao/willcall/web/src/hooks/useSeatStream.ts": {"lines":{"total":83,"covered":0,"skipped":0,"pct":0},"functions":{"total":1,"covered":0,"skipped":0,"pct":0},"statements":{"total":83,"covered":0,"skipped":0,"pct":0},"branches":{"total":1,"covered":0,"skipped":0,"pct":0}}
,"/home/yzhao/willcall/web/src/lib/announcer.ts": {"lines":{"total":35,"covered":33,"skipped":0,"pct":94.28},"functions":{"total":8,"covered":6,"skipped":0,"pct":75},"statements":{"total":35,"covered":33,"skipped":0,"pct":94.28},"branches":{"total":14,"covered":14,"skipped":0,"pct":100}}
,"/home/yzhao/willcall/web/src/lib/api.ts": {"lines":{"total":74,"covered":51,"skipped":0,"pct":68.91},"functions":{"total":7,"covered":4,"skipped":0,"pct":57.14},"statements":{"total":74,"covered":51,"skipped":0,"pct":68.91},"branches":{"total":14,"covered":6,"skipped":0,"pct":42.85}}
,"/home/yzhao/willcall/web/src/lib/contrast.ts": {"lines":{"total":31,"covered":31,"skipped":0,"pct":100},"functions":{"total":4,"covered":4,"skipped":0,"pct":100},"statements":{"total":31,"covered":31,"skipped":0,"pct":100},"branches":{"total":11,"covered":11,"skipped":0,"pct":100}}
,"/home/yzhao/willcall/web/src/lib/money.ts": {"lines":{"total":28,"covered":28,"skipped":0,"pct":100},"functions":{"total":4,"covered":4,"skipped":0,"pct":100},"statements":{"total":28,"covered":28,"skipped":0,"pct":100},"branches":{"total":13,"covered":13,"skipped":0,"pct":100}}
,"/home/yzhao/willcall/web/src/lib/reservations.ts": {"lines":{"total":41,"covered":0,"skipped":0,"pct":0},"functions":{"total":1,"covered":0,"skipped":0,"pct":0},"statements":{"total":41,"covered":0,"skipped":0,"pct":0},"branches":{"total":1,"covered":0,"skipped":0,"pct":0}}
,"/home/yzhao/willcall/web/src/lib/seatMapStore.ts": {"lines":{"total":97,"covered":95,"skipped":0,"pct":97.93},"functions":{"total":9,"covered":8,"skipped":0,"pct":88.88},"statements":{"total":97,"covered":95,"skipped":0,"pct":97.93},"branches":{"total":32,"covered":27,"skipped":0,"pct":84.37}}
,"/home/yzhao/willcall/web/src/lib/seatStream.ts": {"lines":{"total":157,"covered":150,"skipped":0,"pct":95.54},"functions":{"total":13,"covered":12,"skipped":0,"pct":92.3},"statements":{"total":157,"covered":150,"skipped":0,"pct":95.54},"branches":{"total":44,"covered":37,"skipped":0,"pct":84.09}}
,"/home/yzhao/willcall/web/src/lib/seatTypes.ts": {"lines":{"total":0,"covered":0,"skipped":0,"pct":100},"functions":{"total":1,"covered":1,"skipped":0,"pct":100},"statements":{"total":0,"covered":0,"skipped":0,"pct":100},"branches":{"total":1,"covered":1,"skipped":0,"pct":100}}
,"/home/yzhao/willcall/web/src/routes/ConfirmationPage.tsx": {"lines":{"total":51,"covered":0,"skipped":0,"pct":0},"functions":{"total":1,"covered":0,"skipped":0,"pct":0},"statements":{"total":51,"covered":0,"skipped":0,"pct":0},"branches":{"total":1,"covered":0,"skipped":0,"pct":0}}
,"/home/yzhao/willcall/web/src/routes/EventPage.tsx": {"lines":{"total":367,"covered":0,"skipped":0,"pct":0},"functions":{"total":1,"covered":0,"skipped":0,"pct":0},"statements":{"total":367,"covered":0,"skipped":0,"pct":0},"branches":{"total":1,"covered":0,"skipped":0,"pct":0}}
,"/home/yzhao/willcall/web/src/routes/EventsPage.tsx": {"lines":{"total":78,"covered":0,"skipped":0,"pct":0},"functions":{"total":1,"covered":0,"skipped":0,"pct":0},"statements":{"total":78,"covered":0,"skipped":0,"pct":0},"branches":{"total":1,"covered":0,"skipped":0,"pct":0}}
,"/home/yzhao/willcall/web/src/routes/OrganizerPage.tsx": {"lines":{"total":82,"covered":0,"skipped":0,"pct":0},"functions":{"total":1,"covered":0,"skipped":0,"pct":0},"statements":{"total":82,"covered":0,"skipped":0,"pct":0},"branches":{"total":1,"covered":0,"skipped":0,"pct":0}}
}
